This file contains any messages produced by compilers while
running configure, to aid debugging if configure makes a mistake.

It was created by dbmail configure 3.0.2, which was
generated by GNU Autoconf 2.68.  Invocation command line was

  $ ./configure --with-zdb=/usr --no-create --no-recursion

## --------- ##
## Platform. ##
## --------- ##

hostname = zxcasd
uname -m = i686
uname -r = 3.0.0-16-generic
uname -s = Linux
uname -v = #28-Ubuntu SMP Fri Jan 27 17:50:54 UTC 2012

/usr/bin/uname -p = unknown
/bin/uname -X     = unknown

/bin/arch              = unknown
/usr/bin/arch -k       = unknown
/usr/convex/getsysinfo = unknown
/usr/bin/hostinfo      = unknown
/bin/machine           = unknown
/usr/bin/oslevel       = unknown
/bin/universe          = unknown

PATH: /usr/lib/lightdm/lightdm
PATH: /usr/local/sbin
PATH: /usr/local/bin
PATH: /usr/sbin
PATH: /usr/bin
PATH: /sbin
PATH: /bin
PATH: /usr/games


## ----------- ##
## Core tests. ##
## ----------- ##

configure:2311: result:
This is dbmail's GNU configure script.

configure:2332: checking for a BSD-compatible install
configure:2400: result: /usr/bin/install -c
configure:2411: checking whether build environment is sane
configure:2461: result: yes
configure:2602: checking for a thread-safe mkdir -p
configure:2641: result: /bin/mkdir -p
configure:2654: checking for gawk
configure:2684: result: no
configure:2654: checking for mawk
configure:2670: found /usr/bin/mawk
configure:2681: result: mawk
configure:2692: checking whether make sets $(MAKE)
configure:2714: result: yes
configure:2795: checking whether to enable maintainer-specific portions of Makefiles
configure:2804: result: no
configure:2962: checking for style of include used by make
configure:2990: result: GNU
configure:3060: checking for gcc
configure:3076: found /usr/bin/gcc
configure:3087: result: gcc
configure:3316: checking for C compiler version
configure:3325: gcc --version >&5
gcc (Ubuntu/Linaro 4.6.1-9ubuntu3) 4.6.1
Copyright (C) 2011 Free Software Foundation, Inc.
This is free software; see the source for copying conditions.  There is NO
warranty; not even for MERCHANTABILITY or FITNESS FOR A PARTICULAR PURPOSE.

configure:3336: $? = 0
configure:3325: gcc -v >&5
Using built-in specs.
COLLECT_GCC=gcc
COLLECT_LTO_WRAPPER=/usr/lib/gcc/i686-linux-gnu/4.6.1/lto-wrapper
Target: i686-linux-gnu
Configured with: ../src/configure -v --with-pkgversion='Ubuntu/Linaro 4.6.1-9ubuntu3' --with-bugurl=file:///usr/share/doc/gcc-4.6/README.Bugs --enable-languages=c,c++,fortran,objc,obj-c++,go --prefix=/usr --program-suffix=-4.6 --enable-shared --enable-linker-build-id --with-system-zlib --libexecdir=/usr/lib --without-included-gettext --enable-threads=posix --with-gxx-include-dir=/usr/include/c++/4.6 --libdir=/usr/lib --enable-nls --with-sysroot=/ --enable-clocale=gnu --enable-libstdcxx-debug --enable-libstdcxx-time=yes --enable-plugin --enable-objc-gc --enable-targets=all --disable-werror --with-arch-32=i686 --with-tune=generic --enable-checking=release --build=i686-linux-gnu --host=i686-linux-gnu --target=i686-linux-gnu
Thread model: posix
gcc version 4.6.1 (Ubuntu/Linaro 4.6.1-9ubuntu3) 
configure:3336: $? = 0
configure:3325: gcc -V >&5
gcc: error: unrecognized option '-V'
gcc: fatal error: no input files
compilation terminated.
configure:3336: $? = 4
configure:3325: gcc -qversion >&5
gcc: error: unrecognized option '-qversion'
gcc: fatal error: no input files
compilation terminated.
configure:3336: $? = 4
configure:3356: checking whether the C compiler works
configure:3378: gcc    conftest.c  >&5
configure:3382: $? = 0
configure:3430: result: yes
configure:3433: checking for C compiler default output file name
configure:3435: result: a.out
configure:3441: checking for suffix of executables
configure:3448: gcc -o conftest    conftest.c  >&5
configure:3452: $? = 0
configure:3474: result: 
configure:3496: checking whether we are cross compiling
configure:3504: gcc -o conftest    conftest.c  >&5
configure:3508: $? = 0
configure:3515: ./conftest
configure:3519: $? = 0
configure:3534: result: no
configure:3539: checking for suffix of object files
configure:3561: gcc -c   conftest.c >&5
configure:3565: $? = 0
configure:3586: result: o
configure:3590: checking whether we are using the GNU C compiler
configure:3609: gcc -c   conftest.c >&5
configure:3609: $? = 0
configure:3618: result: yes
configure:3627: checking whether gcc accepts -g
configure:3647: gcc -c -g  conftest.c >&5
configure:3647: $? = 0
configure:3688: result: yes
configure:3705: checking for gcc option to accept ISO C89
configure:3769: gcc  -c -g -O2  conftest.c >&5
configure:3769: $? = 0
configure:3782: result: none needed
configure:3804: checking dependency style of gcc
configure:3914: result: gcc3
configure:3935: checking how to run the C preprocessor
configure:3966: gcc -E  conftest.c
configure:3966: $? = 0
configure:3980: gcc -E  conftest.c
conftest.c:13:28: fatal error: ac_nonexistent.h: No such file or directory
compilation terminated.
configure:3980: $? = 1
configure: failed program was:
| /* confdefs.h */
| #define PACKAGE_NAME "dbmail"
| #define PACKAGE_TARNAME "dbmail"
| #define PACKAGE_VERSION "3.0.2"
| #define PACKAGE_STRING "dbmail 3.0.2"
| #define PACKAGE_BUGREPORT "dbmail@dbmail.org"
| #define PACKAGE_URL ""
| #define PACKAGE "dbmail"
| #define VERSION "3.0.2"
| #define _GNU_SOURCE 'TRUE'
| #define PREFIX "/usr/local"
| /* end confdefs.h.  */
| #include <ac_nonexistent.h>
configure:4005: result: gcc -E
configure:4025: gcc -E  conftest.c
configure:4025: $? = 0
configure:4039: gcc -E  conftest.c
conftest.c:13:28: fatal error: ac_nonexistent.h: No such file or directory
compilation terminated.
configure:4039: $? = 1
configure: failed program was:
| /* confdefs.h */
| #define PACKAGE_NAME "dbmail"
| #define PACKAGE_TARNAME "dbmail"
| #define PACKAGE_VERSION "3.0.2"
| #define PACKAGE_STRING "dbmail 3.0.2"
| #define PACKAGE_BUGREPORT "dbmail@dbmail.org"
| #define PACKAGE_URL ""
| #define PACKAGE "dbmail"
| #define VERSION "3.0.2"
| #define _GNU_SOURCE 'TRUE'
| #define PREFIX "/usr/local"
| /* end confdefs.h.  */
| #include <ac_nonexistent.h>
configure:4068: checking for grep that handles long lines and -e
configure:4126: result: /bin/grep
configure:4131: checking for egrep
configure:4193: result: /bin/grep -E
configure:4198: checking for ANSI C header files
configure:4218: gcc -c -g -O2  conftest.c >&5
configure:4218: $? = 0
configure:4291: gcc -o conftest -g -O2   conftest.c  >&5
configure:4291: $? = 0
configure:4291: ./conftest
configure:4291: $? = 0
configure:4302: result: yes
configure:4315: checking for sys/types.h
configure:4315: gcc -c -g -O2  conftest.c >&5
configure:4315: $? = 0
configure:4315: result: yes
configure:4315: checking for sys/stat.h
configure:4315: gcc -c -g -O2  conftest.c >&5
configure:4315: $? = 0
configure:4315: result: yes
configure:4315: checking for stdlib.h
configure:4315: gcc -c -g -O2  conftest.c >&5
configure:4315: $? = 0
configure:4315: result: yes
configure:4315: checking for string.h
configure:4315: gcc -c -g -O2  conftest.c >&5
configure:4315: $? = 0
configure:4315: result: yes
configure:4315: checking for memory.h
configure:4315: gcc -c -g -O2  conftest.c >&5
configure:4315: $? = 0
configure:4315: result: yes
configure:4315: checking for strings.h
configure:4315: gcc -c -g -O2  conftest.c >&5
configure:4315: $? = 0
configure:4315: result: yes
configure:4315: checking for inttypes.h
configure:4315: gcc -c -g -O2  conftest.c >&5
configure:4315: $? = 0
configure:4315: result: yes
configure:4315: checking for stdint.h
configure:4315: gcc -c -g -O2  conftest.c >&5
configure:4315: $? = 0
configure:4315: result: yes
configure:4315: checking for unistd.h
configure:4315: gcc -c -g -O2  conftest.c >&5
configure:4315: $? = 0
configure:4315: result: yes
configure:4713: checking for pkg-config
configure:4731: found /usr/bin/pkg-config
configure:4743: result: /usr/bin/pkg-config
configure:4755: checking GLib headers
configure:4766: result: -pthread -I/usr/include/glib-2.0 -I/usr/lib/i386-linux-gnu/glib-2.0/include  
configure:4768: checking Glib libraries
configure:4778: checking GLib version >= 2.16
configure:4785: result: yes
configure:4791: result: -Wl,--export-dynamic -pthread -lgmodule-2.0 -lrt -lglib-2.0  
configure:4797: checking for pkg-config
configure:4815: found /usr/bin/pkg-config
configure:4827: result: /usr/bin/pkg-config
configure:4839: checking GMime headers
configure:4849: result: -pthread -D_LARGEFILE64_SOURCE -D_FILE_OFFSET_BITS=64 -I/usr/include/glib-2.0 -I/usr/lib/i386-linux-gnu/glib-2.0/include -I/usr/include/gmime-2.4  
configure:4853: checking GMime libraries
configure:4863: result: -pthread -lgmime-2.4 -lgobject-2.0 -lgthread-2.0 -lrt -lglib-2.0  
configure:4867: checking GMime version >= 2.4.6
configure:4874: result: yes
configure:4881: checking math.h usability
configure:4881: gcc -c -g -O2 -pthread -I/usr/include/glib-2.0 -I/usr/lib/i386-linux-gnu/glib-2.0/include   -pthread -D_LARGEFILE64_SOURCE -D_FILE_OFFSET_BITS=64 -I/usr/include/glib-2.0 -I/usr/lib/i386-linux-gnu/glib-2.0/include -I/usr/include/gmime-2.4    conftest.c >&5
configure:4881: $? = 0
configure:4881: result: yes
configure:4881: checking math.h presence
configure:4881: gcc -E  conftest.c
configure:4881: $? = 0
configure:4881: result: yes
configure:4881: checking for math.h
configure:4881: result: yes
configure:4901: checking mhash.h usability
configure:4901: gcc -c -g -O2 -pthread -I/usr/include/glib-2.0 -I/usr/lib/i386-linux-gnu/glib-2.0/include   -pthread -D_LARGEFILE64_SOURCE -D_FILE_OFFSET_BITS=64 -I/usr/include/glib-2.0 -I/usr/lib/i386-linux-gnu/glib-2.0/include -I/usr/include/gmime-2.4    conftest.c >&5
configure:4901: $? = 0
configure:4901: result: yes
configure:4901: checking mhash.h presence
configure:4901: gcc -E  conftest.c
configure:4901: $? = 0
configure:4901: result: yes
configure:4901: checking for mhash.h
configure:4901: result: yes
configure:4922: checking for event.h
configure:4922: gcc -c -g -O2 -pthread -I/usr/include/glib-2.0 -I/usr/lib/i386-linux-gnu/glib-2.0/include   -pthread -D_LARGEFILE64_SOURCE -D_FILE_OFFSET_BITS=64 -I/usr/include/glib-2.0 -I/usr/lib/i386-linux-gnu/glib-2.0/include -I/usr/include/gmime-2.4    conftest.c >&5
configure:4922: $? = 0
configure:4922: result: yes
configure:4944: checking openssl/ssl.h usability
configure:4944: gcc -c -g -O2 -pthread -I/usr/include/glib-2.0 -I/usr/lib/i386-linux-gnu/glib-2.0/include   -pthread -D_LARGEFILE64_SOURCE -D_FILE_OFFSET_BITS=64 -I/usr/include/glib-2.0 -I/usr/lib/i386-linux-gnu/glib-2.0/include -I/usr/include/gmime-2.4    conftest.c >&5
configure:4944: $? = 0
configure:4944: result: yes
configure:4944: checking openssl/ssl.h presence
configure:4944: gcc -E  conftest.c
configure:4944: $? = 0
configure:4944: result: yes
configure:4944: checking for openssl/ssl.h
configure:4944: result: yes
configure:4981: checking for URL.h
configure:4981: gcc -c -g -O2 -pthread -I/usr/include/glib-2.0 -I/usr/lib/i386-linux-gnu/glib-2.0/include   -pthread -D_LARGEFILE64_SOURCE -D_FILE_OFFSET_BITS=64 -I/usr/include/glib-2.0 -I/usr/lib/i386-linux-gnu/glib-2.0/include -I/usr/include/gmime-2.4   -I/usr/include/zdb  conftest.c >&5
configure:4981: $? = 0
configure:4981: result: yes
configure:4981: checking for ResultSet.h
configure:4981: gcc -c -g -O2 -pthread -I/usr/include/glib-2.0 -I/usr/lib/i386-linux-gnu/glib-2.0/include   -pthread -D_LARGEFILE64_SOURCE -D_FILE_OFFSET_BITS=64 -I/usr/include/glib-2.0 -I/usr/lib/i386-linux-gnu/glib-2.0/include -I/usr/include/gmime-2.4   -I/usr/include/zdb  conftest.c >&5
configure:4981: $? = 0
configure:4981: result: yes
configure:4981: checking for PreparedStatement.h
configure:4981: gcc -c -g -O2 -pthread -I/usr/include/glib-2.0 -I/usr/lib/i386-linux-gnu/glib-2.0/include   -pthread -D_LARGEFILE64_SOURCE -D_FILE_OFFSET_BITS=64 -I/usr/include/glib-2.0 -I/usr/lib/i386-linux-gnu/glib-2.0/include -I/usr/include/gmime-2.4   -I/usr/include/zdb  conftest.c >&5
configure:4981: $? = 0
configure:4981: result: yes
configure:4981: checking for Connection.h
configure:4981: gcc -c -g -O2 -pthread -I/usr/include/glib-2.0 -I/usr/lib/i386-linux-gnu/glib-2.0/include   -pthread -D_LARGEFILE64_SOURCE -D_FILE_OFFSET_BITS=64 -I/usr/include/glib-2.0 -I/usr/lib/i386-linux-gnu/glib-2.0/include -I/usr/include/gmime-2.4   -I/usr/include/zdb  conftest.c >&5
configure:4981: $? = 0
configure:4981: result: yes
configure:4981: checking for ConnectionPool.h
configure:4981: gcc -c -g -O2 -pthread -I/usr/include/glib-2.0 -I/usr/lib/i386-linux-gnu/glib-2.0/include   -pthread -D_LARGEFILE64_SOURCE -D_FILE_OFFSET_BITS=64 -I/usr/include/glib-2.0 -I/usr/lib/i386-linux-gnu/glib-2.0/include -I/usr/include/gmime-2.4   -I/usr/include/zdb  conftest.c >&5
configure:4981: $? = 0
configure:4981: result: yes
configure:4981: checking for SQLException.h
configure:4981: gcc -c -g -O2 -pthread -I/usr/include/glib-2.0 -I/usr/lib/i386-linux-gnu/glib-2.0/include   -pthread -D_LARGEFILE64_SOURCE -D_FILE_OFFSET_BITS=64 -I/usr/include/glib-2.0 -I/usr/lib/i386-linux-gnu/glib-2.0/include -I/usr/include/gmime-2.4   -I/usr/include/zdb  conftest.c >&5
configure:4981: $? = 0
configure:4981: result: yes
configure:5182: checking getopt.h usability
configure:5182: gcc -c -g -O2 -pthread -I/usr/include/glib-2.0 -I/usr/lib/i386-linux-gnu/glib-2.0/include   -pthread -D_LARGEFILE64_SOURCE -D_FILE_OFFSET_BITS=64 -I/usr/include/glib-2.0 -I/usr/lib/i386-linux-gnu/glib-2.0/include -I/usr/include/gmime-2.4   -I/usr/include/zdb  conftest.c >&5
configure:5182: $? = 0
configure:5182: result: yes
configure:5182: checking getopt.h presence
configure:5182: gcc -E  conftest.c
configure:5182: $? = 0
configure:5182: result: yes
configure:5182: checking for getopt.h
configure:5182: result: yes
configure:5199: checking for getopt_long_only
configure:5199: gcc -o conftest -g -O2 -pthread -I/usr/include/glib-2.0 -I/usr/lib/i386-linux-gnu/glib-2.0/include   -pthread -D_LARGEFILE64_SOURCE -D_FILE_OFFSET_BITS=64 -I/usr/include/glib-2.0 -I/usr/lib/i386-linux-gnu/glib-2.0/include -I/usr/include/gmime-2.4   -I/usr/include/zdb   -Wl,--export-dynamic -pthread -lgmodule-2.0 -lrt -lglib-2.0   -pthread -lgmime-2.4 -lgobject-2.0 -lgthread-2.0 -lrt -lglib-2.0   -lm -lmhash -levent -lssl -lzdb conftest.c  >&5
configure:5199: $? = 0
configure:5199: result: yes
configure:5213: checking whether optreset is declared
configure:5213: gcc -c -g -O2 -pthread -I/usr/include/glib-2.0 -I/usr/lib/i386-linux-gnu/glib-2.0/include   -pthread -D_LARGEFILE64_SOURCE -D_FILE_OFFSET_BITS=64 -I/usr/include/glib-2.0 -I/usr/lib/i386-linux-gnu/glib-2.0/include -I/usr/include/gmime-2.4   -I/usr/include/zdb  conftest.c >&5
conftest.c: In function 'main':
conftest.c:44:10: error: 'optreset' undeclared (first use in this function)
conftest.c:44:10: note: each undeclared identifier is reported only once for each function it appears in
configure:5213: $? = 1
configure: failed program was:
| /* confdefs.h */
| #define PACKAGE_NAME "dbmail"
| #define PACKAGE_TARNAME "dbmail"
| #define PACKAGE_VERSION "3.0.2"
| #define PACKAGE_STRING "dbmail 3.0.2"
| #define PACKAGE_BUGREPORT "dbmail@dbmail.org"
| #define PACKAGE_URL ""
| #define PACKAGE "dbmail"
| #define VERSION "3.0.2"
| #define _GNU_SOURCE 'TRUE'
| #define PREFIX "/usr/local"
| #define STDC_HEADERS 1
| #define HAVE_SYS_TYPES_H 1
| #define HAVE_SYS_STAT_H 1
| #define HAVE_STDLIB_H 1
| #define HAVE_STRING_H 1
| #define HAVE_MEMORY_H 1
| #define HAVE_STRINGS_H 1
| #define HAVE_INTTYPES_H 1
| #define HAVE_STDINT_H 1
| #define HAVE_UNISTD_H 1
| #define HAVE_MATH_H 1
| #define HAVE_MHASH_H 1
| #define HAVE_EVENT_H 1
| #define HAVE_OPENSSL_SSL_H 1
| #define HAVE_URL_H 1
| #define HAVE_RESULTSET_H 1
| #define HAVE_PREPAREDSTATEMENT_H 1
| #define HAVE_CONNECTION_H 1
| #define HAVE_CONNECTIONPOOL_H 1
| #define HAVE_SQLEXCEPTION_H 1
| #define HAVE_GETOPT_H 1
| #define HAVE_GETOPT_LONG_ONLY 1
| /* end confdefs.h.  */
| #include <getopt.h>
| 
| int
| main ()
| {
| #ifndef optreset
| #ifdef __cplusplus
|   (void) optreset;
| #else
|   (void) optreset;
| #endif
| #endif
| 
|   ;
|   return 0;
| }
configure:5213: result: no
configure:5222: checking for working GNU getopt function
configure:5254: gcc -o conftest -g -O2 -pthread -I/usr/include/glib-2.0 -I/usr/lib/i386-linux-gnu/glib-2.0/include   -pthread -D_LARGEFILE64_SOURCE -D_FILE_OFFSET_BITS=64 -I/usr/include/glib-2.0 -I/usr/lib/i386-linux-gnu/glib-2.0/include -I/usr/include/gmime-2.4   -I/usr/include/zdb   -Wl,--export-dynamic -pthread -lgmodule-2.0 -lrt -lglib-2.0   -pthread -lgmime-2.4 -lgobject-2.0 -lgthread-2.0 -lrt -lglib-2.0   -lm -lmhash -levent -lssl -lzdb conftest.c  >&5
configure:5254: $? = 0
configure:5254: ./conftest
conftest: invalid option -- '+'
configure:5254: $? = 0
configure:5264: result: yes
configure:5285: checking for connect
configure:5285: gcc -o conftest -g -O2 -pthread -I/usr/include/glib-2.0 -I/usr/lib/i386-linux-gnu/glib-2.0/include   -pthread -D_LARGEFILE64_SOURCE -D_FILE_OFFSET_BITS=64 -I/usr/include/glib-2.0 -I/usr/lib/i386-linux-gnu/glib-2.0/include -I/usr/include/gmime-2.4   -I/usr/include/zdb   -Wl,--export-dynamic -pthread -lgmodule-2.0 -lrt -lglib-2.0   -pthread -lgmime-2.4 -lgobject-2.0 -lgthread-2.0 -lrt -lglib-2.0   -lm -lmhash -levent -lssl -lzdb conftest.c  >&5
configure:5285: $? = 0
configure:5285: result: yes
configure:5373: checking for res_search
configure:5373: gcc -o conftest -g -O2 -pthread -I/usr/include/glib-2.0 -I/usr/lib/i386-linux-gnu/glib-2.0/include   -pthread -D_LARGEFILE64_SOURCE -D_FILE_OFFSET_BITS=64 -I/usr/include/glib-2.0 -I/usr/lib/i386-linux-gnu/glib-2.0/include -I/usr/include/gmime-2.4   -I/usr/include/zdb   -Wl,--export-dynamic -pthread -lgmodule-2.0 -lrt -lglib-2.0   -pthread -lgmime-2.4 -lgobject-2.0 -lgthread-2.0 -lrt -lglib-2.0   -lm -lmhash -levent -lssl -lzdb conftest.c   >&5
/tmp/ccOOqDaB.o: In function `main':
/home/skraps/Downloads/dbmail-3.0.2/conftest.c:69: undefined reference to `res_search'
collect2: ld returned 1 exit status
configure:5373: $? = 1
configure: failed program was:
| /* confdefs.h */
| #define PACKAGE_NAME "dbmail"
| #define PACKAGE_TARNAME "dbmail"
| #define PACKAGE_VERSION "3.0.2"
| #define PACKAGE_STRING "dbmail 3.0.2"
| #define PACKAGE_BUGREPORT "dbmail@dbmail.org"
| #define PACKAGE_URL ""
| #define PACKAGE "dbmail"
| #define VERSION "3.0.2"
| #define _GNU_SOURCE 'TRUE'
| #define PREFIX "/usr/local"
| #define STDC_HEADERS 1
| #define HAVE_SYS_TYPES_H 1
| #define HAVE_SYS_STAT_H 1
| #define HAVE_STDLIB_H 1
| #define HAVE_STRING_H 1
| #define HAVE_MEMORY_H 1
| #define HAVE_STRINGS_H 1
| #define HAVE_INTTYPES_H 1
| #define HAVE_STDINT_H 1
| #define HAVE_UNISTD_H 1
| #define HAVE_MATH_H 1
| #define HAVE_MHASH_H 1
| #define HAVE_EVENT_H 1
| #define HAVE_OPENSSL_SSL_H 1
| #define HAVE_URL_H 1
| #define HAVE_RESULTSET_H 1
| #define HAVE_PREPAREDSTATEMENT_H 1
| #define HAVE_CONNECTION_H 1
| #define HAVE_CONNECTIONPOOL_H 1
| #define HAVE_SQLEXCEPTION_H 1
| #define HAVE_GETOPT_H 1
| #define HAVE_GETOPT_LONG_ONLY 1
| /* end confdefs.h.  */
| /* Define res_search to an innocuous variant, in case <limits.h> declares res_search.
|    For example, HP-UX 11i <limits.h> declares gettimeofday.  */
| #define res_search innocuous_res_search
| 
| /* System header to define __stub macros and hopefully few prototypes,
|     which can conflict with char res_search (); below.
|     Prefer <limits.h> to <assert.h> if __STDC__ is defined, since
|     <limits.h> exists even on freestanding compilers.  */
| 
| #ifdef __STDC__
| # include <limits.h>
| #else
| # include <assert.h>
| #endif
| 
| #undef res_search
| 
| /* Override any GCC internal prototype to avoid an error.
|    Use char because int might match the return type of a GCC
|    builtin and then its argument prototype would still apply.  */
| #ifdef __cplusplus
| extern "C"
| #endif
| char res_search ();
| /* The GNU C library defines this for functions which it implements
|     to always fail with ENOSYS.  Some functions are actually named
|     something starting with __ and the normal name is an alias.  */
| #if defined __stub_res_search || defined __stub___res_search
| choke me
| #endif
| 
| int
| main ()
| {
| return res_search ();
|   ;
|   return 0;
| }
configure:5373: result: no
configure:5377: checking for res_search in -lresolv
configure:5402: gcc -o conftest -g -O2 -pthread -I/usr/include/glib-2.0 -I/usr/lib/i386-linux-gnu/glib-2.0/include   -pthread -D_LARGEFILE64_SOURCE -D_FILE_OFFSET_BITS=64 -I/usr/include/glib-2.0 -I/usr/lib/i386-linux-gnu/glib-2.0/include -I/usr/include/gmime-2.4   -I/usr/include/zdb   -Wl,--export-dynamic -pthread -lgmodule-2.0 -lrt -lglib-2.0   -pthread -lgmime-2.4 -lgobject-2.0 -lgthread-2.0 -lrt -lglib-2.0   -lm -lmhash -levent -lssl -lzdb conftest.c -lresolv    >&5
configure:5402: $? = 0
configure:5411: result: yes
configure:5424: checking for dn_expand
configure:5424: gcc -o conftest -g -O2 -pthread -I/usr/include/glib-2.0 -I/usr/lib/i386-linux-gnu/glib-2.0/include   -pthread -D_LARGEFILE64_SOURCE -D_FILE_OFFSET_BITS=64 -I/usr/include/glib-2.0 -I/usr/lib/i386-linux-gnu/glib-2.0/include -I/usr/include/gmime-2.4   -I/usr/include/zdb   -Wl,--export-dynamic -pthread -lgmodule-2.0 -lrt -lglib-2.0   -pthread -lgmime-2.4 -lgobject-2.0 -lgthread-2.0 -lrt -lglib-2.0   -lm -lmhash -levent -lssl -lzdb conftest.c -lresolv   >&5
configure:5424: $? = 0
configure:5424: result: yes
configure:5424: checking for dns_lookup
configure:5424: gcc -o conftest -g -O2 -pthread -I/usr/include/glib-2.0 -I/usr/lib/i386-linux-gnu/glib-2.0/include   -pthread -D_LARGEFILE64_SOURCE -D_FILE_OFFSET_BITS=64 -I/usr/include/glib-2.0 -I/usr/lib/i386-linux-gnu/glib-2.0/include -I/usr/include/gmime-2.4   -I/usr/include/zdb   -Wl,--export-dynamic -pthread -lgmodule-2.0 -lrt -lglib-2.0   -pthread -lgmime-2.4 -lgobject-2.0 -lgthread-2.0 -lrt -lglib-2.0   -lm -lmhash -levent -lssl -lzdb conftest.c -lresolv   >&5
/tmp/ccmfzezX.o: In function `main':
/home/skraps/Downloads/dbmail-3.0.2/conftest.c:70: undefined reference to `dns_lookup'
collect2: ld returned 1 exit status
configure:5424: $? = 1
configure: failed program was:
| /* confdefs.h */
| #define PACKAGE_NAME "dbmail"
| #define PACKAGE_TARNAME "dbmail"
| #define PACKAGE_VERSION "3.0.2"
| #define PACKAGE_STRING "dbmail 3.0.2"
| #define PACKAGE_BUGREPORT "dbmail@dbmail.org"
| #define PACKAGE_URL ""
| #define PACKAGE "dbmail"
| #define VERSION "3.0.2"
| #define _GNU_SOURCE 'TRUE'
| #define PREFIX "/usr/local"
| #define STDC_HEADERS 1
| #define HAVE_SYS_TYPES_H 1
| #define HAVE_SYS_STAT_H 1
| #define HAVE_STDLIB_H 1
| #define HAVE_STRING_H 1
| #define HAVE_MEMORY_H 1
| #define HAVE_STRINGS_H 1
| #define HAVE_INTTYPES_H 1
| #define HAVE_STDINT_H 1
| #define HAVE_UNISTD_H 1
| #define HAVE_MATH_H 1
| #define HAVE_MHASH_H 1
| #define HAVE_EVENT_H 1
| #define HAVE_OPENSSL_SSL_H 1
| #define HAVE_URL_H 1
| #define HAVE_RESULTSET_H 1
| #define HAVE_PREPAREDSTATEMENT_H 1
| #define HAVE_CONNECTION_H 1
| #define HAVE_CONNECTIONPOOL_H 1
| #define HAVE_SQLEXCEPTION_H 1
| #define HAVE_GETOPT_H 1
| #define HAVE_GETOPT_LONG_ONLY 1
| #define HAVE_DN_EXPAND 1
| /* end confdefs.h.  */
| /* Define dns_lookup to an innocuous variant, in case <limits.h> declares dns_lookup.
|    For example, HP-UX 11i <limits.h> declares gettimeofday.  */
| #define dns_lookup innocuous_dns_lookup
| 
| /* System header to define __stub macros and hopefully few prototypes,
|     which can conflict with char dns_lookup (); below.
|     Prefer <limits.h> to <assert.h> if __STDC__ is defined, since
|     <limits.h> exists even on freestanding compilers.  */
| 
| #ifdef __STDC__
| # include <limits.h>
| #else
| # include <assert.h>
| #endif
| 
| #undef dns_lookup
| 
| /* Override any GCC internal prototype to avoid an error.
|    Use char because int might match the return type of a GCC
|    builtin and then its argument prototype would still apply.  */
| #ifdef __cplusplus
| extern "C"
| #endif
| char dns_lookup ();
| /* The GNU C library defines this for functions which it implements
|     to always fail with ENOSYS.  Some functions are actually named
|     something starting with __ and the normal name is an alias.  */
| #if defined __stub_dns_lookup || defined __stub___dns_lookup
| choke me
| #endif
| 
| int
| main ()
| {
| return dns_lookup ();
|   ;
|   return 0;
| }
configure:5424: result: no
configure:5510: checking for gcc
configure:5537: result: gcc
configure:5766: checking for C compiler version
configure:5775: gcc --version >&5
gcc (Ubuntu/Linaro 4.6.1-9ubuntu3) 4.6.1
Copyright (C) 2011 Free Software Foundation, Inc.
This is free software; see the source for copying conditions.  There is NO
warranty; not even for MERCHANTABILITY or FITNESS FOR A PARTICULAR PURPOSE.

configure:5786: $? = 0
configure:5775: gcc -v >&5
Using built-in specs.
COLLECT_GCC=gcc
COLLECT_LTO_WRAPPER=/usr/lib/gcc/i686-linux-gnu/4.6.1/lto-wrapper
Target: i686-linux-gnu
Configured with: ../src/configure -v --with-pkgversion='Ubuntu/Linaro 4.6.1-9ubuntu3' --with-bugurl=file:///usr/share/doc/gcc-4.6/README.Bugs --enable-languages=c,c++,fortran,objc,obj-c++,go --prefix=/usr --program-suffix=-4.6 --enable-shared --enable-linker-build-id --with-system-zlib --libexecdir=/usr/lib --without-included-gettext --enable-threads=posix --with-gxx-include-dir=/usr/include/c++/4.6 --libdir=/usr/lib --enable-nls --with-sysroot=/ --enable-clocale=gnu --enable-libstdcxx-debug --enable-libstdcxx-time=yes --enable-plugin --enable-objc-gc --enable-targets=all --disable-werror --with-arch-32=i686 --with-tune=generic --enable-checking=release --build=i686-linux-gnu --host=i686-linux-gnu --target=i686-linux-gnu
Thread model: posix
gcc version 4.6.1 (Ubuntu/Linaro 4.6.1-9ubuntu3) 
configure:5786: $? = 0
configure:5775: gcc -V >&5
gcc: error: unrecognized option '-V'
gcc: fatal error: no input files
compilation terminated.
configure:5786: $? = 4
configure:5775: gcc -qversion >&5
gcc: error: unrecognized option '-qversion'
gcc: fatal error: no input files
compilation terminated.
configure:5786: $? = 4
configure:5790: checking whether we are using the GNU C compiler
configure:5818: result: yes
configure:5827: checking whether gcc accepts -g
configure:5888: result: yes
configure:5905: checking for gcc option to accept ISO C89
configure:5982: result: none needed
configure:6004: checking dependency style of gcc
configure:6114: result: gcc3
configure:6129: checking maximum warning verbosity option
configure:6146: result:  -W -Wall -Wpointer-arith -Wstrict-prototypes for C
configure:6151: checking for an ANSI C-conforming const
configure:6216: gcc -c -g -O2 -pthread -I/usr/include/glib-2.0 -I/usr/lib/i386-linux-gnu/glib-2.0/include   -pthread -D_LARGEFILE64_SOURCE -D_FILE_OFFSET_BITS=64 -I/usr/include/glib-2.0 -I/usr/lib/i386-linux-gnu/glib-2.0/include -I/usr/include/gmime-2.4   -I/usr/include/zdb -W -Wall -Wpointer-arith -Wstrict-prototypes  conftest.c >&5
conftest.c:38:1: warning: function declaration isn't a prototype [-Wstrict-prototypes]
conftest.c: In function 'main':
conftest.c:65:10: warning: 't' is used uninitialized in this function [-Wuninitialized]
configure:6216: $? = 0
configure:6223: result: yes
configure:6231: checking for inline
configure:6247: gcc -c -g -O2 -pthread -I/usr/include/glib-2.0 -I/usr/lib/i386-linux-gnu/glib-2.0/include   -pthread -D_LARGEFILE64_SOURCE -D_FILE_OFFSET_BITS=64 -I/usr/include/glib-2.0 -I/usr/lib/i386-linux-gnu/glib-2.0/include -I/usr/include/gmime-2.4   -I/usr/include/zdb -W -Wall -Wpointer-arith -Wstrict-prototypes  conftest.c >&5
conftest.c:38:21: warning: function declaration isn't a prototype [-Wstrict-prototypes]
conftest.c:39:14: warning: function declaration isn't a prototype [-Wstrict-prototypes]
configure:6247: $? = 0
configure:6255: result: inline
configure:6289: checking whether byte ordering is bigendian
configure:6304: gcc -c -g -O2 -pthread -I/usr/include/glib-2.0 -I/usr/lib/i386-linux-gnu/glib-2.0/include   -pthread -D_LARGEFILE64_SOURCE -D_FILE_OFFSET_BITS=64 -I/usr/include/glib-2.0 -I/usr/lib/i386-linux-gnu/glib-2.0/include -I/usr/include/gmime-2.4   -I/usr/include/zdb -W -Wall -Wpointer-arith -Wstrict-prototypes  conftest.c >&5
conftest.c:37:9: error: unknown type name 'not'
conftest.c:37:15: error: expected '=', ',', ';', 'asm' or '__attribute__' before 'universal'
conftest.c:37:15: error: unknown type name 'universal'
configure:6304: $? = 1
configure: failed program was:
| /* confdefs.h */
| #define PACKAGE_NAME "dbmail"
| #define PACKAGE_TARNAME "dbmail"
| #define PACKAGE_VERSION "3.0.2"
| #define PACKAGE_STRING "dbmail 3.0.2"
| #define PACKAGE_BUGREPORT "dbmail@dbmail.org"
| #define PACKAGE_URL ""
| #define PACKAGE "dbmail"
| #define VERSION "3.0.2"
| #define _GNU_SOURCE 'TRUE'
| #define PREFIX "/usr/local"
| #define STDC_HEADERS 1
| #define HAVE_SYS_TYPES_H 1
| #define HAVE_SYS_STAT_H 1
| #define HAVE_STDLIB_H 1
| #define HAVE_STRING_H 1
| #define HAVE_MEMORY_H 1
| #define HAVE_STRINGS_H 1
| #define HAVE_INTTYPES_H 1
| #define HAVE_STDINT_H 1
| #define HAVE_UNISTD_H 1
| #define HAVE_MATH_H 1
| #define HAVE_MHASH_H 1
| #define HAVE_EVENT_H 1
| #define HAVE_OPENSSL_SSL_H 1
| #define HAVE_URL_H 1
| #define HAVE_RESULTSET_H 1
| #define HAVE_PREPAREDSTATEMENT_H 1
| #define HAVE_CONNECTION_H 1
| #define HAVE_CONNECTIONPOOL_H 1
| #define HAVE_SQLEXCEPTION_H 1
| #define HAVE_GETOPT_H 1
| #define HAVE_GETOPT_LONG_ONLY 1
| #define HAVE_DN_EXPAND 1
| /* end confdefs.h.  */
| #ifndef __APPLE_CC__
| 	       not a universal capable compiler
| 	     #endif
| 	     typedef int dummy;
| 
configure:6349: gcc -c -g -O2 -pthread -I/usr/include/glib-2.0 -I/usr/lib/i386-linux-gnu/glib-2.0/include   -pthread -D_LARGEFILE64_SOURCE -D_FILE_OFFSET_BITS=64 -I/usr/include/glib-2.0 -I/usr/lib/i386-linux-gnu/glib-2.0/include -I/usr/include/gmime-2.4   -I/usr/include/zdb -W -Wall -Wpointer-arith -Wstrict-prototypes  conftest.c >&5
conftest.c:40:1: warning: function declaration isn't a prototype [-Wstrict-prototypes]
configure:6349: $? = 0
configure:6367: gcc -c -g -O2 -pthread -I/usr/include/glib-2.0 -I/usr/lib/i386-linux-gnu/glib-2.0/include   -pthread -D_LARGEFILE64_SOURCE -D_FILE_OFFSET_BITS=64 -I/usr/include/glib-2.0 -I/usr/lib/i386-linux-gnu/glib-2.0/include -I/usr/include/gmime-2.4   -I/usr/include/zdb -W -Wall -Wpointer-arith -Wstrict-prototypes  conftest.c >&5
conftest.c:40:1: warning: function declaration isn't a prototype [-Wstrict-prototypes]
conftest.c: In function 'main':
conftest.c:43:4: error: unknown type name 'not'
conftest.c:43:12: error: expected '=', ',', ';', 'asm' or '__attribute__' before 'endian'
configure:6367: $? = 1
configure: failed program was:
| /* confdefs.h */
| #define PACKAGE_NAME "dbmail"
| #define PACKAGE_TARNAME "dbmail"
| #define PACKAGE_VERSION "3.0.2"
| #define PACKAGE_STRING "dbmail 3.0.2"
| #define PACKAGE_BUGREPORT "dbmail@dbmail.org"
| #define PACKAGE_URL ""
| #define PACKAGE "dbmail"
| #define VERSION "3.0.2"
| #define _GNU_SOURCE 'TRUE'
| #define PREFIX "/usr/local"
| #define STDC_HEADERS 1
| #define HAVE_SYS_TYPES_H 1
| #define HAVE_SYS_STAT_H 1
| #define HAVE_STDLIB_H 1
| #define HAVE_STRING_H 1
| #define HAVE_MEMORY_H 1
| #define HAVE_STRINGS_H 1
| #define HAVE_INTTYPES_H 1
| #define HAVE_STDINT_H 1
| #define HAVE_UNISTD_H 1
| #define HAVE_MATH_H 1
| #define HAVE_MHASH_H 1
| #define HAVE_EVENT_H 1
| #define HAVE_OPENSSL_SSL_H 1
| #define HAVE_URL_H 1
| #define HAVE_RESULTSET_H 1
| #define HAVE_PREPAREDSTATEMENT_H 1
| #define HAVE_CONNECTION_H 1
| #define HAVE_CONNECTIONPOOL_H 1
| #define HAVE_SQLEXCEPTION_H 1
| #define HAVE_GETOPT_H 1
| #define HAVE_GETOPT_LONG_ONLY 1
| #define HAVE_DN_EXPAND 1
| /* end confdefs.h.  */
| #include <sys/types.h>
| 		#include <sys/param.h>
| 
| int
| main ()
| {
| #if BYTE_ORDER != BIG_ENDIAN
| 		 not big endian
| 		#endif
| 
|   ;
|   return 0;
| }
configure:6495: result: no
configure:6515: checking endian.h usability
configure:6515: gcc -c -g -O2 -pthread -I/usr/include/glib-2.0 -I/usr/lib/i386-linux-gnu/glib-2.0/include   -pthread -D_LARGEFILE64_SOURCE -D_FILE_OFFSET_BITS=64 -I/usr/include/glib-2.0 -I/usr/lib/i386-linux-gnu/glib-2.0/include -I/usr/include/gmime-2.4   -I/usr/include/zdb -W -Wall -Wpointer-arith -Wstrict-prototypes  conftest.c >&5
configure:6515: $? = 0
configure:6515: result: yes
configure:6515: checking endian.h presence
configure:6515: gcc -E  conftest.c
configure:6515: $? = 0
configure:6515: result: yes
configure:6515: checking for endian.h
configure:6515: result: yes
configure:6527: checking crypt.h usability
configure:6527: gcc -c -g -O2 -pthread -I/usr/include/glib-2.0 -I/usr/lib/i386-linux-gnu/glib-2.0/include   -pthread -D_LARGEFILE64_SOURCE -D_FILE_OFFSET_BITS=64 -I/usr/include/glib-2.0 -I/usr/lib/i386-linux-gnu/glib-2.0/include -I/usr/include/gmime-2.4   -I/usr/include/zdb -W -Wall -Wpointer-arith -Wstrict-prototypes  conftest.c >&5
configure:6527: $? = 0
configure:6527: result: yes
configure:6527: checking crypt.h presence
configure:6527: gcc -E  conftest.c
configure:6527: $? = 0
configure:6527: result: yes
configure:6527: checking for crypt.h
configure:6527: result: yes
configure:6537: checking for crypt in -lcrypt
configure:6562: gcc -o conftest -g -O2 -pthread -I/usr/include/glib-2.0 -I/usr/lib/i386-linux-gnu/glib-2.0/include   -pthread -D_LARGEFILE64_SOURCE -D_FILE_OFFSET_BITS=64 -I/usr/include/glib-2.0 -I/usr/lib/i386-linux-gnu/glib-2.0/include -I/usr/include/gmime-2.4   -I/usr/include/zdb -W -Wall -Wpointer-arith -Wstrict-prototypes   -Wl,--export-dynamic -pthread -lgmodule-2.0 -lrt -lglib-2.0   -pthread -lgmime-2.4 -lgobject-2.0 -lgthread-2.0 -lrt -lglib-2.0   -lm -lmhash -levent -lssl -lzdb conftest.c -lcrypt   >&5
conftest.c:45:1: warning: function declaration isn't a prototype [-Wstrict-prototypes]
conftest.c:47:1: warning: function declaration isn't a prototype [-Wstrict-prototypes]
configure:6562: $? = 0
configure:6571: result: yes
configure:6626: checking build system type
configure:6640: result: i686-pc-linux-gnu
configure:6660: checking host system type
configure:6673: result: i686-pc-linux-gnu
configure:6714: checking how to print strings
configure:6741: result: printf
configure:6762: checking for a sed that does not truncate output
configure:6826: result: /bin/sed
configure:6844: checking for fgrep
configure:6906: result: /bin/grep -F
configure:6941: checking for ld used by gcc
configure:7008: result: /usr/bin/ld
configure:7015: checking if the linker (/usr/bin/ld) is GNU ld
configure:7030: result: yes
configure:7042: checking for BSD- or MS-compatible name lister (nm)
configure:7091: result: /usr/bin/nm -B
configure:7221: checking the name lister (/usr/bin/nm -B) interface
configure:7228: gcc -c -g -O2 -pthread -I/usr/include/glib-2.0 -I/usr/lib/i386-linux-gnu/glib-2.0/include   -pthread -D_LARGEFILE64_SOURCE -D_FILE_OFFSET_BITS=64 -I/usr/include/glib-2.0 -I/usr/lib/i386-linux-gnu/glib-2.0/include -I/usr/include/gmime-2.4   -I/usr/include/zdb -W -Wall -Wpointer-arith -Wstrict-prototypes  conftest.c >&5
configure:7231: /usr/bin/nm -B "conftest.o"
configure:7234: output
00000000 B some_variable
configure:7241: result: BSD nm
configure:7244: checking whether ln -s works
configure:7248: result: yes
configure:7256: checking the maximum length of command line arguments
configure:7381: result: 805306365
configure:7398: checking whether the shell understands some XSI constructs
configure:7408: result: yes
configure:7412: checking whether the shell understands "+="
configure:7418: result: yes
configure:7453: checking how to convert i686-pc-linux-gnu file names to i686-pc-linux-gnu format
configure:7493: result: func_convert_file_noop
configure:7500: checking how to convert i686-pc-linux-gnu file names to toolchain format
configure:7520: result: func_convert_file_noop
configure:7527: checking for /usr/bin/ld option to reload object files
configure:7534: result: -r
configure:7608: checking for objdump
configure:7624: found /usr/bin/objdump
configure:7635: result: objdump
configure:7667: checking how to recognize dependent libraries
configure:7869: result: pass_all
configure:7954: checking for dlltool
configure:7984: result: no
configure:8014: checking how to associate runtime and link libraries
configure:8041: result: printf %s\n
configure:8101: checking for ar
configure:8117: found /usr/bin/ar
configure:8128: result: ar
configure:8165: checking for archiver @FILE support
configure:8182: gcc -c -g -O2 -pthread -I/usr/include/glib-2.0 -I/usr/lib/i386-linux-gnu/glib-2.0/include   -pthread -D_LARGEFILE64_SOURCE -D_FILE_OFFSET_BITS=64 -I/usr/include/glib-2.0 -I/usr/lib/i386-linux-gnu/glib-2.0/include -I/usr/include/gmime-2.4   -I/usr/include/zdb -W -Wall -Wpointer-arith -Wstrict-prototypes  conftest.c >&5
conftest.c:40:1: warning: function declaration isn't a prototype [-Wstrict-prototypes]
configure:8182: $? = 0
configure:8185: ar cru libconftest.a @conftest.lst >&5
configure:8188: $? = 0
configure:8193: ar cru libconftest.a @conftest.lst >&5
ar: conftest.o: No such file or directory
configure:8196: $? = 1
configure:8208: result: @
configure:8266: checking for strip
configure:8282: found /usr/bin/strip
configure:8293: result: strip
configure:8365: checking for ranlib
configure:8381: found /usr/bin/ranlib
configure:8392: result: ranlib
configure:8494: checking command to parse /usr/bin/nm -B output from gcc object
configure:8613: gcc -c -g -O2 -pthread -I/usr/include/glib-2.0 -I/usr/lib/i386-linux-gnu/glib-2.0/include   -pthread -D_LARGEFILE64_SOURCE -D_FILE_OFFSET_BITS=64 -I/usr/include/glib-2.0 -I/usr/lib/i386-linux-gnu/glib-2.0/include -I/usr/include/gmime-2.4   -I/usr/include/zdb -W -Wall -Wpointer-arith -Wstrict-prototypes  conftest.c >&5
conftest.c:10:5: warning: function declaration isn't a prototype [-Wstrict-prototypes]
configure:8616: $? = 0
configure:8620: /usr/bin/nm -B conftest.o \| sed -n -e 's/^.*[ ]\([ABCDGIRSTW][ABCDGIRSTW]*\)[ ][ ]*\([_A-Za-z][_A-Za-z0-9]*\)$/\1 \2 \2/p' | sed '/ __gnu_lto/d' \> conftest.nm
configure:8623: $? = 0
configure:8689: gcc -o conftest -g -O2 -pthread -I/usr/include/glib-2.0 -I/usr/lib/i386-linux-gnu/glib-2.0/include   -pthread -D_LARGEFILE64_SOURCE -D_FILE_OFFSET_BITS=64 -I/usr/include/glib-2.0 -I/usr/lib/i386-linux-gnu/glib-2.0/include -I/usr/include/gmime-2.4   -I/usr/include/zdb -W -Wall -Wpointer-arith -Wstrict-prototypes   -Wl,--export-dynamic -pthread -lgmodule-2.0 -lrt -lglib-2.0   -pthread -lgmime-2.4 -lgobject-2.0 -lgthread-2.0 -lrt -lglib-2.0   -lm -lmhash -levent -lssl -lzdb conftest.c conftstm.o >&5
conftest.c:18:1: warning: function declaration isn't a prototype [-Wstrict-prototypes]
configure:8692: $? = 0
configure:8730: result: ok
configure:8767: checking for sysroot
configure:8797: result: no
configure:9040: checking for mt
configure:9056: found /bin/mt
configure:9067: result: mt
configure:9090: checking if mt is a manifest tool
configure:9096: mt '-?'
configure:9104: result: no
configure:9733: checking for dlfcn.h
configure:9733: gcc -c -g -O2 -pthread -I/usr/include/glib-2.0 -I/usr/lib/i386-linux-gnu/glib-2.0/include   -pthread -D_LARGEFILE64_SOURCE -D_FILE_OFFSET_BITS=64 -I/usr/include/glib-2.0 -I/usr/lib/i386-linux-gnu/glib-2.0/include -I/usr/include/gmime-2.4   -I/usr/include/zdb -W -Wall -Wpointer-arith -Wstrict-prototypes  conftest.c >&5
configure:9733: $? = 0
configure:9733: result: yes
configure:9860: checking for objdir
configure:9875: result: .libs
configure:10146: checking if gcc supports -fno-rtti -fno-exceptions
configure:10164: gcc -c -g -O2 -pthread -I/usr/include/glib-2.0 -I/usr/lib/i386-linux-gnu/glib-2.0/include   -pthread -D_LARGEFILE64_SOURCE -D_FILE_OFFSET_BITS=64 -I/usr/include/glib-2.0 -I/usr/lib/i386-linux-gnu/glib-2.0/include -I/usr/include/gmime-2.4   -I/usr/include/zdb -W -Wall -Wpointer-arith -Wstrict-prototypes  -fno-rtti -fno-exceptions conftest.c >&5
cc1: warning: command line option '-fno-rtti' is valid for C++/ObjC++ but not for C [enabled by default]
configure:10168: $? = 0
configure:10181: result: no
configure:10491: checking for gcc option to produce PIC
configure:10498: result: -fPIC -DPIC
configure:10506: checking if gcc PIC flag -fPIC -DPIC works
configure:10524: gcc -c -g -O2 -pthread -I/usr/include/glib-2.0 -I/usr/lib/i386-linux-gnu/glib-2.0/include   -pthread -D_LARGEFILE64_SOURCE -D_FILE_OFFSET_BITS=64 -I/usr/include/glib-2.0 -I/usr/lib/i386-linux-gnu/glib-2.0/include -I/usr/include/gmime-2.4   -I/usr/include/zdb -W -Wall -Wpointer-arith -Wstrict-prototypes  -fPIC -DPIC -DPIC conftest.c >&5
configure:10528: $? = 0
configure:10541: result: yes
configure:10570: checking if gcc static flag -static works
configure:10598: result: no
configure:10613: checking if gcc supports -c -o file.o
configure:10634: gcc -c -g -O2 -pthread -I/usr/include/glib-2.0 -I/usr/lib/i386-linux-gnu/glib-2.0/include   -pthread -D_LARGEFILE64_SOURCE -D_FILE_OFFSET_BITS=64 -I/usr/include/glib-2.0 -I/usr/lib/i386-linux-gnu/glib-2.0/include -I/usr/include/gmime-2.4   -I/usr/include/zdb -W -Wall -Wpointer-arith -Wstrict-prototypes  -o out/conftest2.o conftest.c >&5
configure:10638: $? = 0
configure:10660: result: yes
configure:10668: checking if gcc supports -c -o file.o
configure:10715: result: yes
configure:10748: checking whether the gcc linker (/usr/bin/ld) supports shared libraries
configure:11910: result: yes
configure:11947: checking whether -lc should be explicitly linked in
configure:11955: gcc -c -g -O2 -pthread -I/usr/include/glib-2.0 -I/usr/lib/i386-linux-gnu/glib-2.0/include   -pthread -D_LARGEFILE64_SOURCE -D_FILE_OFFSET_BITS=64 -I/usr/include/glib-2.0 -I/usr/lib/i386-linux-gnu/glib-2.0/include -I/usr/include/gmime-2.4   -I/usr/include/zdb -W -Wall -Wpointer-arith -Wstrict-prototypes  conftest.c >&5
configure:11958: $? = 0
configure:11973: gcc -shared  -fPIC -DPIC conftest.o  -v -Wl,-soname -Wl,conftest -o conftest 2\>\&1 \| /bin/grep  -lc  \>/dev/null 2\>\&1
configure:11976: $? = 0
configure:11990: result: no
configure:12155: checking dynamic linker characteristics
configure:12670: gcc -o conftest -g -O2 -pthread -I/usr/include/glib-2.0 -I/usr/lib/i386-linux-gnu/glib-2.0/include   -pthread -D_LARGEFILE64_SOURCE -D_FILE_OFFSET_BITS=64 -I/usr/include/glib-2.0 -I/usr/lib/i386-linux-gnu/glib-2.0/include -I/usr/include/gmime-2.4   -I/usr/include/zdb -W -Wall -Wpointer-arith -Wstrict-prototypes   -Wl,--export-dynamic -pthread -lgmodule-2.0 -lrt -lglib-2.0   -pthread -lgmime-2.4 -lgobject-2.0 -lgthread-2.0 -lrt -lglib-2.0   -lm -lmhash -levent -lssl -lzdb -Wl,-rpath -Wl,/foo conftest.c  >&5
conftest.c:42:1: warning: function declaration isn't a prototype [-Wstrict-prototypes]
configure:12670: $? = 0
configure:12904: result: GNU/Linux ld.so
configure:13011: checking how to hardcode library paths into programs
configure:13036: result: immediate
configure:13576: checking whether stripping libraries is possible
configure:13581: result: yes
configure:13616: checking if libtool supports shared libraries
configure:13618: result: yes
configure:13621: checking whether to build shared libraries
configure:13642: result: yes
configure:13645: checking whether to build static libraries
configure:13649: result: no
configure:13854: creating ./config.status
configure:16120: result:

 DM_LOGDIR:                 /var/log
 DM_CONFDIR:                /etc
 DM_STATEDIR:               /var/run
 USE_DM_GETOPT:             
 CFLAGS:                    -g -O2 -pthread -I/usr/include/glib-2.0 -I/usr/lib/i386-linux-gnu/glib-2.0/include   -pthread -D_LARGEFILE64_SOURCE -D_FILE_OFFSET_BITS=64 -I/usr/include/glib-2.0 -I/usr/lib/i386-linux-gnu/glib-2.0/include -I/usr/include/gmime-2.4   -I/usr/include/zdb -W -Wall -Wpointer-arith -Wstrict-prototypes
 GLIB:                      -Wl,--export-dynamic -pthread -lgmodule-2.0 -lrt -lglib-2.0  
 GMIME:                     -pthread -lgmime-2.4 -lgobject-2.0 -lgthread-2.0 -lrt -lglib-2.0  
 SIEVE:                     
 LDAP:                      
 SHARED:                    yes
 STATIC:                    no
 CHECK:                     
 SOCKETS:                   -lresolv 
 MATH:                      -lm
 MHASH:                     -lmhash
 LIBEVENT:                  -levent
 OPENSSL:                   -lssl
 ZDB:                       -lzdb



## ---------------- ##
## Cache variables. ##
## ---------------- ##

ac_cv_build=i686-pc-linux-gnu
ac_cv_c_bigendian=no
ac_cv_c_compiler_gnu=yes
ac_cv_c_const=yes
ac_cv_c_inline=inline
ac_cv_env_CC_set=
ac_cv_env_CC_value=
ac_cv_env_CFLAGS_set=
ac_cv_env_CFLAGS_value=
ac_cv_env_CPPFLAGS_set=
ac_cv_env_CPPFLAGS_value=
ac_cv_env_CPP_set=
ac_cv_env_CPP_value=
ac_cv_env_LDFLAGS_set=
ac_cv_env_LDFLAGS_value=
ac_cv_env_LIBS_set=
ac_cv_env_LIBS_value=
ac_cv_env_build_alias_set=
ac_cv_env_build_alias_value=
ac_cv_env_host_alias_set=
ac_cv_env_host_alias_value=
ac_cv_env_target_alias_set=
ac_cv_env_target_alias_value=
ac_cv_func_connect=yes
ac_cv_func_dn_expand=yes
ac_cv_func_dns_lookup=no
ac_cv_func_getopt_long_only=yes
ac_cv_func_res_search=no
ac_cv_have_decl_optreset=no
ac_cv_header_ConnectionPool_h=yes
ac_cv_header_Connection_h=yes
ac_cv_header_PreparedStatement_h=yes
ac_cv_header_ResultSet_h=yes
ac_cv_header_SQLException_h=yes
ac_cv_header_URL_h=yes
ac_cv_header_crypt_h=yes
ac_cv_header_dlfcn_h=yes
ac_cv_header_endian_h=yes
ac_cv_header_event_h=yes
ac_cv_header_getopt_h=yes
ac_cv_header_inttypes_h=yes
ac_cv_header_math_h=yes
ac_cv_header_memory_h=yes
ac_cv_header_mhash_h=yes
ac_cv_header_openssl_ssl_h=yes
ac_cv_header_stdc=yes
ac_cv_header_stdint_h=yes
ac_cv_header_stdlib_h=yes
ac_cv_header_string_h=yes
ac_cv_header_strings_h=yes
ac_cv_header_sys_stat_h=yes
ac_cv_header_sys_types_h=yes
ac_cv_header_unistd_h=yes
ac_cv_host=i686-pc-linux-gnu
ac_cv_lib_crypt_crypt=yes
ac_cv_lib_resolv_res_search=yes
ac_cv_objext=o
ac_cv_path_EGREP='/bin/grep -E'
ac_cv_path_FGREP='/bin/grep -F'
ac_cv_path_GREP=/bin/grep
ac_cv_path_SED=/bin/sed
ac_cv_path_glibconfig=/usr/bin/pkg-config
ac_cv_path_gmimeconfig=/usr/bin/pkg-config
ac_cv_path_install='/usr/bin/install -c'
ac_cv_path_mkdir=/bin/mkdir
ac_cv_prog_AWK=mawk
ac_cv_prog_CPP='gcc -E'
ac_cv_prog_ac_ct_AR=ar
ac_cv_prog_ac_ct_CC=gcc
ac_cv_prog_ac_ct_MANIFEST_TOOL=mt
ac_cv_prog_ac_ct_OBJDUMP=objdump
ac_cv_prog_ac_ct_RANLIB=ranlib
ac_cv_prog_ac_ct_STRIP=strip
ac_cv_prog_cc_c89=
ac_cv_prog_cc_g=yes
ac_cv_prog_make_make_set=yes
am_cv_CC_dependencies_compiler_type=gcc3
gl_cv_func_gnu_getopt=yes
lt_cv_ar_at_file=@
lt_cv_archive_cmds_need_lc=no
lt_cv_deplibs_check_method=pass_all
lt_cv_file_magic_cmd='$MAGIC_CMD'
lt_cv_file_magic_test_file=
lt_cv_ld_reload_flag=-r
lt_cv_nm_interface='BSD nm'
lt_cv_objdir=.libs
lt_cv_path_LD=/usr/bin/ld
lt_cv_path_NM='/usr/bin/nm -B'
lt_cv_path_mainfest_tool=no
lt_cv_prog_compiler_c_o=yes
lt_cv_prog_compiler_pic='-fPIC -DPIC'
lt_cv_prog_compiler_pic_works=yes
lt_cv_prog_compiler_rtti_exceptions=no
lt_cv_prog_compiler_static_works=no
lt_cv_prog_gnu_ld=yes
lt_cv_sharedlib_from_linklib_cmd='printf %s\n'
lt_cv_shlibpath_overrides_runpath=no
lt_cv_sys_global_symbol_pipe='sed -n -e '\''s/^.*[	 ]\([ABCDGIRSTW][ABCDGIRSTW]*\)[	 ][	 ]*\([_A-Za-z][_A-Za-z0-9]*\)$/\1 \2 \2/p'\'' | sed '\''/ __gnu_lto/d'\'''
lt_cv_sys_global_symbol_to_c_name_address='sed -n -e '\''s/^: \([^ ]*\)[ ]*$/  {\"\1\", (void *) 0},/p'\'' -e '\''s/^[ABCDGIRSTW]* \([^ ]*\) \([^ ]*\)$/  {"\2", (void *) \&\2},/p'\'''
lt_cv_sys_global_symbol_to_c_name_address_lib_prefix='sed -n -e '\''s/^: \([^ ]*\)[ ]*$/  {\"\1\", (void *) 0},/p'\'' -e '\''s/^[ABCDGIRSTW]* \([^ ]*\) \(lib[^ ]*\)$/  {"\2", (void *) \&\2},/p'\'' -e '\''s/^[ABCDGIRSTW]* \([^ ]*\) \([^ ]*\)$/  {"lib\2", (void *) \&\2},/p'\'''
lt_cv_sys_global_symbol_to_cdecl='sed -n -e '\''s/^T .* \(.*\)$/extern int \1();/p'\'' -e '\''s/^[ABCDGIRSTW]* .* \(.*\)$/extern char \1;/p'\'''
lt_cv_sys_max_cmd_len=805306365
lt_cv_to_host_file_cmd=func_convert_file_noop
lt_cv_to_tool_file_cmd=func_convert_file_noop

## ----------------- ##
## Output variables. ##
## ----------------- ##

"				AND ((SELECT id FROM dbmail_headername WHERE id = new.headername_id) IS NULL)\n" \
"				AND ((SELECT id FROM dbmail_headername WHERE id = new.headername_id) IS NULL)\n" \
"				AND ((SELECT id FROM dbmail_headervalue WHERE id = new.headervalue_id) IS NULL)\n" \
"				AND ((SELECT id FROM dbmail_headervalue WHERE id = new.headervalue_id) IS NULL)\n" \
"				AND ((SELECT id FROM dbmail_mimeparts WHERE id = new.part_id) IS NULL)\n" \
"				AND ((SELECT id FROM dbmail_mimeparts WHERE id = new.part_id) IS NULL)\n" \
"				AND ((SELECT id FROM dbmail_physmessage WHERE id = new.physmessage_id) IS NULL)\n" \
"				AND ((SELECT id FROM dbmail_physmessage WHERE id = new.physmessage_id) IS NULL)\n" \
"				AND ((SELECT id FROM dbmail_physmessage WHERE id = new.physmessage_id) IS NULL)\n" \
"				AND ((SELECT id FROM dbmail_physmessage WHERE id = new.physmessage_id) IS NULL)\n" \
"				AND ((SELECT id FROM dbmail_physmessage WHERE id = new.physmessage_id) IS NULL)\n" \
"				AND ((SELECT id FROM dbmail_physmessage WHERE id = new.physmessage_id) IS NULL)\n" \
"				AND ((SELECT id FROM dbmail_physmessage WHERE id = new.physmessage_id) IS NULL)\n" \
"				AND ((SELECT id FROM dbmail_physmessage WHERE id = new.physmessage_id) IS NULL)\n" \
"				AND ((SELECT id FROM dbmail_physmessage WHERE id = new.physmessage_id) IS NULL)\n" \
"				AND ((SELECT id FROM dbmail_physmessage WHERE id = new.physmessage_id) IS NULL)\n" \
"				AND ((SELECT id FROM dbmail_physmessage WHERE id = new.physmessage_id) IS NULL)\n" \
"				AND ((SELECT id FROM dbmail_physmessage WHERE id = new.physmessage_id) IS NULL)\n" \
"				AND ((SELECT mailbox_idnr FROM dbmail_mailboxes WHERE mailbox_idnr = new.mailbox_id) IS NULL)\n" \
"				AND ((SELECT mailbox_idnr FROM dbmail_mailboxes WHERE mailbox_idnr = new.mailbox_id) IS NULL)\n" \
"				AND ((SELECT mailbox_idnr FROM dbmail_mailboxes WHERE mailbox_idnr = new.mailbox_id) IS NULL)\n" \
"				AND ((SELECT mailbox_idnr FROM dbmail_mailboxes WHERE mailbox_idnr = new.mailbox_id) IS NULL)\n" \
"				AND ((SELECT mailbox_idnr FROM dbmail_mailboxes WHERE mailbox_idnr = new.mailbox_idnr) IS NULL)\n" \
"				AND ((SELECT mailbox_idnr FROM dbmail_mailboxes WHERE mailbox_idnr = new.mailbox_idnr) IS NULL)\n" \
"				AND ((SELECT message_idnr FROM dbmail_messages WHERE message_idnr = new.message_idnr) IS NULL)\n" \
"				AND ((SELECT message_idnr FROM dbmail_messages WHERE message_idnr = new.message_idnr) IS NULL)\n" \
"				AND ((SELECT user_idnr FROM dbmail_users WHERE user_idnr = new.owner_idnr) IS NULL)\n" \
"				AND ((SELECT user_idnr FROM dbmail_users WHERE user_idnr = new.owner_idnr) IS NULL)\n" \
"				AND ((SELECT user_idnr FROM dbmail_users WHERE user_idnr = new.owner_idnr) IS NULL)\n" \
"				AND ((SELECT user_idnr FROM dbmail_users WHERE user_idnr = new.owner_idnr) IS NULL)\n" \
"				AND ((SELECT user_idnr FROM dbmail_users WHERE user_idnr = new.user_id) IS NULL)\n" \
"				AND ((SELECT user_idnr FROM dbmail_users WHERE user_idnr = new.user_id) IS NULL)\n" \
"				AND ((SELECT user_idnr FROM dbmail_users WHERE user_idnr = new.user_id) IS NULL)\n" \
"				AND ((SELECT user_idnr FROM dbmail_users WHERE user_idnr = new.user_id) IS NULL)\n" \
"				AND ((SELECT user_idnr FROM dbmail_users WHERE user_idnr = new.user_id) IS NULL)\n" \
"				AND ((SELECT user_idnr FROM dbmail_users WHERE user_idnr = new.user_id) IS NULL)\n" \
"			THEN RAISE (ABORT, '\''insert on table \"dbmail_acl\" violates foreign key constraint \"fk_insert_acl_mailbox_id\"'\'')\n" \
"			THEN RAISE (ABORT, '\''insert on table \"dbmail_acl\" violates foreign key constraint \"fk_insert_acl_user_id\"'\'')\n" \
"			THEN RAISE (ABORT, '\''insert on table \"dbmail_envelope\" violates foreign key constraint \"fk_insert_envelope_physmessage_id\"'\'')\n" \
"			THEN RAISE (ABORT, '\''insert on table \"dbmail_filters\" violates foreign key constraint \"fk_insert_filters_users_user_idnr\"'\'')\n" \
"			THEN RAISE (ABORT, '\''insert on table \"dbmail_header\" violates foreign key constraint \"fk_insert_header_headername_id\"'\'')\n" \
"			THEN RAISE (ABORT, '\''insert on table \"dbmail_header\" violates foreign key constraint \"fk_insert_header_headervalue_id\"'\'')\n" \
"			THEN RAISE (ABORT, '\''insert on table \"dbmail_header\" violates foreign key constraint \"fk_insert_header_physmessage_id\"'\'')\n" \
"			THEN RAISE (ABORT, '\''insert on table \"dbmail_keywords\" violates foreign key constraint \"fk_insert_dbmail_keywords_dbmail_messages_message_idnr\"'\'')\n" \
"			THEN RAISE (ABORT, '\''insert on table \"dbmail_mailboxes\" violates foreign key constraint \"fk_insert_mailboxes_users_idnr\"'\'')\n" \
"			THEN RAISE (ABORT, '\''insert on table \"dbmail_messageblks\" violates foreign key constraint \"fk_insert_messageblks_physmessage_id\"'\'')\n" \
"			THEN RAISE (ABORT, '\''insert on table \"dbmail_messages\" violates foreign key constraint \"fk_insert_messages_mailbox_idnr\"'\'')\n" \
"			THEN RAISE (ABORT, '\''insert on table \"dbmail_messages\" violates foreign key constraint \"fk_insert_messages_physmessage_id\"'\'')\n" \
"			THEN RAISE (ABORT, '\''insert on table \"dbmail_partlists\" violates foreign key constraint \"fk_insert_partlists_mimeparts_id\"'\'')\n" \
"			THEN RAISE (ABORT, '\''insert on table \"dbmail_partlists\" violates foreign key constraint \"fk_insert_partlists_physmessage_id\"'\'')\n" \
"			THEN RAISE (ABORT, '\''insert on table \"dbmail_referencesfield\" violates foreign key constraint \"fk_insert_referencesfield_physmessage_id\"'\'')\n" \
"			THEN RAISE (ABORT, '\''insert on table \"dbmail_sievescripts\" violates foreign key constraint \"fk_insert_sievescripts_owner_idnr\"'\'')\n" \
"			THEN RAISE (ABORT, '\''insert on table \"dbmail_subscription\" violates foreign key constraint \"fk_insert_subscription_mailbox_id\"'\'')\n" \
"			THEN RAISE (ABORT, '\''insert on table \"dbmail_subscription\" violates foreign key constraint \"fk_insert_subscription_users_idnr\"'\'')\n" \
"			THEN RAISE (ABORT, '\''update on table \"dbmail_acl\" violates foreign key constraint \"fk_update1_acl_mailbox_id\"'\'')\n" \
"			THEN RAISE (ABORT, '\''update on table \"dbmail_acl\" violates foreign key constraint \"fk_update1_acl_user_id\"'\'')\n" \
"			THEN RAISE (ABORT, '\''update on table \"dbmail_envelope\" violates foreign key constraint \"fk_update1_envelope_physmessage_id\"'\'')\n" \
"			THEN RAISE (ABORT, '\''update on table \"dbmail_filters\" violates foreign key constraint \"fk_update_filters_users_user_idnr\"'\'')\n" \
"			THEN RAISE (ABORT, '\''update on table \"dbmail_header\" violates foreign key constraint \"fk_update_header_headername_id\"'\'')\n" \
"			THEN RAISE (ABORT, '\''update on table \"dbmail_header\" violates foreign key constraint \"fk_update_header_headervalue_id\"'\'')\n" \
"			THEN RAISE (ABORT, '\''update on table \"dbmail_header\" violates foreign key constraint \"fk_update_header_physmessage_id\"'\'')\n" \
"			THEN RAISE (ABORT, '\''update on table \"dbmail_keywords\" violates foreign key constraint \"fk_update_dbmail_keywords_dbmail_messages_message_idnr\"'\'')\n" \
"			THEN RAISE (ABORT, '\''update on table \"dbmail_mailboxes\" violates foreign key constraint \"fk_update2_mailboxes_users_idnr\"'\'')\n" \
"			THEN RAISE (ABORT, '\''update on table \"dbmail_messageblks\" violates foreign key constraint \"fk_update1_messageblks_physmessage_id\"'\'')\n" \
"			THEN RAISE (ABORT, '\''update on table \"dbmail_messages\" violates foreign key constraint \"fk_update1_messages_mailbox_idnr\"'\'')\n" \
"			THEN RAISE (ABORT, '\''update on table \"dbmail_messages\" violates foreign key constraint \"fk_update1_messages_physmessage_id\"'\'')\n" \
"			THEN RAISE (ABORT, '\''update on table \"dbmail_partlists\" violates foreign key constraint \"fk_update_partlists_mimeparts_id\"'\'')\n" \
"			THEN RAISE (ABORT, '\''update on table \"dbmail_partlists\" violates foreign key constraint \"fk_update_partlists_physmessage_id\"'\'')\n" \
"			THEN RAISE (ABORT, '\''update on table \"dbmail_referencesfield\" violates foreign key constraint \"fk_update1_referencesfield_physmessage_id\"'\'')\n" \
"			THEN RAISE (ABORT, '\''update on table \"dbmail_sievescripts\" violates foreign key constraint \"fk_update1_sievescripts_owner_idnr\"'\'')\n" \
"			THEN RAISE (ABORT, '\''update on table \"dbmail_subscription\" violates foreign key constraint \"fk_update1_subscription_mailbox_id\"'\'')\n" \
"			THEN RAISE (ABORT, '\''update on table \"dbmail_subscription\" violates foreign key constraint \"fk_update1_subscription_users_idnr\"'\'')\n" \
"			WHEN (new.headername_id IS NOT NULL)\n" \
"			WHEN (new.headername_id IS NOT NULL)\n" \
"			WHEN (new.headervalue_id IS NOT NULL)\n" \
"			WHEN (new.headervalue_id IS NOT NULL)\n" \
"			WHEN (new.mailbox_id IS NOT NULL)\n" \
"			WHEN (new.mailbox_id IS NOT NULL)\n" \
"			WHEN (new.mailbox_id IS NOT NULL)\n" \
"			WHEN (new.mailbox_id IS NOT NULL)\n" \
"			WHEN (new.mailbox_idnr IS NOT NULL)\n" \
"			WHEN (new.mailbox_idnr IS NOT NULL)\n" \
"			WHEN (new.message_idnr IS NOT NULL)\n" \
"			WHEN (new.message_idnr IS NOT NULL)\n" \
"			WHEN (new.owner_idnr IS NOT NULL)\n" \
"			WHEN (new.owner_idnr IS NOT NULL)\n" \
"			WHEN (new.owner_idnr IS NOT NULL)\n" \
"			WHEN (new.owner_idnr IS NOT NULL)\n" \
"			WHEN (new.part_id IS NOT NULL)\n" \
"			WHEN (new.part_id IS NOT NULL)\n" \
"			WHEN (new.physmessage_id IS NOT NULL)\n" \
"			WHEN (new.physmessage_id IS NOT NULL)\n" \
"			WHEN (new.physmessage_id IS NOT NULL)\n" \
"			WHEN (new.physmessage_id IS NOT NULL)\n" \
"			WHEN (new.physmessage_id IS NOT NULL)\n" \
"			WHEN (new.physmessage_id IS NOT NULL)\n" \
"			WHEN (new.physmessage_id IS NOT NULL)\n" \
"			WHEN (new.physmessage_id IS NOT NULL)\n" \
"			WHEN (new.physmessage_id IS NOT NULL)\n" \
"			WHEN (new.physmessage_id IS NOT NULL)\n" \
"			WHEN (new.physmessage_id IS NOT NULL)\n" \
"			WHEN (new.physmessage_id IS NOT NULL)\n" \
"			WHEN (new.user_id IS NOT NULL)\n" \
"			WHEN (new.user_id IS NOT NULL)\n" \
"			WHEN (new.user_id IS NOT NULL)\n" \
"			WHEN (new.user_id IS NOT NULL)\n" \
"			WHEN (new.user_id IS NOT NULL)\n" \
"			WHEN (new.user_id IS NOT NULL)\n" \
"		DELETE FROM dbmail_acl WHERE mailbox_id = OLD.mailbox_idnr;\n" \
"		DELETE FROM dbmail_acl WHERE user_id = OLD.user_idnr;\n" \
"		DELETE FROM dbmail_envelope WHERE physmessage_id = OLD.id;\n" \
"		DELETE FROM dbmail_filters WHERE user_id = OLD.user_idnr;\n" \
"		DELETE FROM dbmail_header WHERE headername_id = OLD.id;\n" \
"		DELETE FROM dbmail_header WHERE headervalue_id = OLD.id;\n" \
"		DELETE FROM dbmail_header WHERE physmessage_id = OLD.id;\n" \
"		DELETE FROM dbmail_keywords WHERE message_idnr = OLD.message_idnr;\n" \
"		DELETE FROM dbmail_mailboxes WHERE owner_idnr = OLD.user_idnr;\n" \
"		DELETE FROM dbmail_messageblks WHERE physmessage_id = OLD.id;\n" \
"		DELETE FROM dbmail_messages WHERE mailbox_idnr = OLD.mailbox_idnr;\n" \
"		DELETE FROM dbmail_messages WHERE physmessage_id = OLD.id;\n" \
"		DELETE FROM dbmail_partlists WHERE part_id = OLD.id;\n" \
"		DELETE FROM dbmail_partlists WHERE physmessage_id = OLD.id;\n" \
"		DELETE FROM dbmail_referencesfield WHERE physmessage_id = OLD.id;\n" \
"		DELETE FROM dbmail_sievescripts WHERE owner_idnr = OLD.user_idnr;\n" \
"		DELETE FROM dbmail_subscription WHERE mailbox_id = OLD.mailbox_idnr;\n" \
"		DELETE FROM dbmail_subscription WHERE user_id = OLD.user_idnr;\n" \
"		END;\n" \
"		END;\n" \
"		END;\n" \
"		END;\n" \
"		END;\n" \
"		END;\n" \
"		END;\n" \
"		END;\n" \
"		END;\n" \
"		END;\n" \
"		END;\n" \
"		END;\n" \
"		END;\n" \
"		END;\n" \
"		END;\n" \
"		END;\n" \
"		END;\n" \
"		END;\n" \
"		END;\n" \
"		END;\n" \
"		END;\n" \
"		END;\n" \
"		END;\n" \
"		END;\n" \
"		END;\n" \
"		END;\n" \
"		END;\n" \
"		END;\n" \
"		END;\n" \
"		END;\n" \
"		END;\n" \
"		END;\n" \
"		END;\n" \
"		END;\n" \
"		END;\n" \
"		END;\n" \
"		SELECT CASE \n" \
"		SELECT CASE \n" \
"		SELECT CASE \n" \
"		SELECT CASE \n" \
"		SELECT CASE \n" \
"		SELECT CASE \n" \
"		SELECT CASE \n" \
"		SELECT CASE \n" \
"		SELECT CASE \n" \
"		SELECT CASE \n" \
"		SELECT CASE \n" \
"		SELECT CASE \n" \
"		SELECT CASE \n" \
"		SELECT CASE \n" \
"		SELECT CASE \n" \
"		SELECT CASE \n" \
"		SELECT CASE \n" \
"		SELECT CASE \n" \
"		SELECT CASE \n" \
"		SELECT CASE \n" \
"		SELECT CASE \n" \
"		SELECT CASE \n" \
"		SELECT CASE \n" \
"		SELECT CASE \n" \
"		SELECT CASE \n" \
"		SELECT CASE \n" \
"		SELECT CASE \n" \
"		SELECT CASE \n" \
"		SELECT CASE \n" \
"		SELECT CASE \n" \
"		SELECT CASE \n" \
"		SELECT CASE \n" \
"		SELECT CASE \n" \
"		SELECT CASE \n" \
"		SELECT CASE \n" \
"		SELECT CASE \n" \
"		UPDATE dbmail_acl SET mailbox_id = new.mailbox_idnr WHERE mailbox_id = OLD.mailbox_idnr;\n" \
"		UPDATE dbmail_acl SET user_id = new.user_idnr WHERE user_id = OLD.user_idnr;\n" \
"		UPDATE dbmail_envelope SET physmessage_id = new.id WHERE physmessage_id = OLD.id;\n" \
"		UPDATE dbmail_filters SET user_id = new.user_idnr WHERE user_id = OLD.user_idnr;\n" \
"		UPDATE dbmail_header SET headername_id = new.id WHERE headername_id = OLD.id;\n" \
"		UPDATE dbmail_header SET headervalue_id = new.id WHERE headervalue_id = OLD.id;\n" \
"		UPDATE dbmail_header SET physmessage_id = new.id WHERE physmessage_id = OLD.id;\n" \
"		UPDATE dbmail_keywords SET message_idnr = new.message_idnr WHERE message_idnr = OLD.message_idnr;\n" \
"		UPDATE dbmail_mailboxes SET owner_idnr = new.user_idnr WHERE owner_idnr = OLD.user_idnr;\n" \
"		UPDATE dbmail_messageblks SET physmessage_id = new.id WHERE physmessage_id = OLD.id;\n" \
"		UPDATE dbmail_messages SET mailbox_idnr = new.mailbox_idnr WHERE mailbox_idnr = OLD.mailbox_idnr;\n" \
"		UPDATE dbmail_messages SET physmessage_id = new.id WHERE physmessage_id = OLD.id;\n" \
"		UPDATE dbmail_partlists SET part_id = new.id WHERE part_id = OLD.id;\n" \
"		UPDATE dbmail_partlists SET physmessage_id = new.id WHERE physmessage_id = OLD.id;\n" \
"		UPDATE dbmail_referencesfield SET physmessage_id = new.id WHERE physmessage_id = OLD.id;\n" \
"		UPDATE dbmail_sievescripts SET owner_idnr = new.user_idnr WHERE owner_idnr = OLD.user_idnr;\n" \
"		UPDATE dbmail_subscription SET mailbox_id = new.mailbox_idnr WHERE mailbox_id = OLD.mailbox_idnr;\n" \
"		UPDATE dbmail_subscription SET user_id = new.user_idnr WHERE user_id = OLD.user_idnr;\n" \
"	AFTER UPDATE ON dbmail_headername\n" \
"	AFTER UPDATE ON dbmail_headervalue\n" \
"	AFTER UPDATE ON dbmail_mailboxes\n" \
"	AFTER UPDATE ON dbmail_mailboxes\n" \
"	AFTER UPDATE ON dbmail_mailboxes\n" \
"	AFTER UPDATE ON dbmail_messages\n" \
"	AFTER UPDATE ON dbmail_mimeparts\n" \
"	AFTER UPDATE ON dbmail_physmessage\n" \
"	AFTER UPDATE ON dbmail_physmessage\n" \
"	AFTER UPDATE ON dbmail_physmessage\n" \
"	AFTER UPDATE ON dbmail_physmessage\n" \
"	AFTER UPDATE ON dbmail_physmessage\n" \
"	AFTER UPDATE ON dbmail_physmessage\n" \
"	AFTER UPDATE ON dbmail_users\n" \
"	AFTER UPDATE ON dbmail_users\n" \
"	AFTER UPDATE ON dbmail_users\n" \
"	AFTER UPDATE ON dbmail_users\n" \
"	AFTER UPDATE ON dbmail_users\n" \
"	BEFORE DELETE ON dbmail_headername\n" \
"	BEFORE DELETE ON dbmail_headervalue\n" \
"	BEFORE DELETE ON dbmail_mailboxes\n" \
"	BEFORE DELETE ON dbmail_mailboxes\n" \
"	BEFORE DELETE ON dbmail_mailboxes\n" \
"	BEFORE DELETE ON dbmail_messages\n" \
"	BEFORE DELETE ON dbmail_mimeparts\n" \
"	BEFORE DELETE ON dbmail_physmessage\n" \
"	BEFORE DELETE ON dbmail_physmessage\n" \
"	BEFORE DELETE ON dbmail_physmessage\n" \
"	BEFORE DELETE ON dbmail_physmessage\n" \
"	BEFORE DELETE ON dbmail_physmessage\n" \
"	BEFORE DELETE ON dbmail_physmessage\n" \
"	BEFORE DELETE ON dbmail_users\n" \
"	BEFORE DELETE ON dbmail_users\n" \
"	BEFORE DELETE ON dbmail_users\n" \
"	BEFORE DELETE ON dbmail_users\n" \
"	BEFORE DELETE ON dbmail_users\n" \
"	BEFORE INSERT ON dbmail_acl\n" \
"	BEFORE INSERT ON dbmail_acl\n" \
"	BEFORE INSERT ON dbmail_envelope\n" \
"	BEFORE INSERT ON dbmail_filters\n" \
"	BEFORE INSERT ON dbmail_header\n" \
"	BEFORE INSERT ON dbmail_header\n" \
"	BEFORE INSERT ON dbmail_header\n" \
"	BEFORE INSERT ON dbmail_keywords\n" \
"	BEFORE INSERT ON dbmail_mailboxes\n" \
"	BEFORE INSERT ON dbmail_messageblks\n" \
"	BEFORE INSERT ON dbmail_messages\n" \
"	BEFORE INSERT ON dbmail_messages\n" \
"	BEFORE INSERT ON dbmail_partlists\n" \
"	BEFORE INSERT ON dbmail_partlists\n" \
"	BEFORE INSERT ON dbmail_referencesfield\n" \
"	BEFORE INSERT ON dbmail_sievescripts\n" \
"	BEFORE INSERT ON dbmail_subscription\n" \
"	BEFORE INSERT ON dbmail_subscription\n" \
"	BEFORE UPDATE ON dbmail_acl\n" \
"	BEFORE UPDATE ON dbmail_acl\n" \
"	BEFORE UPDATE ON dbmail_envelope\n" \
"	BEFORE UPDATE ON dbmail_filters\n" \
"	BEFORE UPDATE ON dbmail_header\n" \
"	BEFORE UPDATE ON dbmail_header\n" \
"	BEFORE UPDATE ON dbmail_header\n" \
"	BEFORE UPDATE ON dbmail_keywords\n" \
"	BEFORE UPDATE ON dbmail_mailboxes\n" \
"	BEFORE UPDATE ON dbmail_messageblks\n" \
"	BEFORE UPDATE ON dbmail_messages\n" \
"	BEFORE UPDATE ON dbmail_messages\n" \
"	BEFORE UPDATE ON dbmail_partlists\n" \
"	BEFORE UPDATE ON dbmail_partlists\n" \
"	BEFORE UPDATE ON dbmail_referencesfield\n" \
"	BEFORE UPDATE ON dbmail_sievescripts\n" \
"	BEFORE UPDATE ON dbmail_subscription\n" \
"	BEFORE UPDATE ON dbmail_subscription\n" \
"	END;\n" \
"	END;\n" \
"	END;\n" \
"	END;\n" \
"	END;\n" \
"	END;\n" \
"	END;\n" \
"	END;\n" \
"	END;\n" \
"	END;\n" \
"	END;\n" \
"	END;\n" \
"	END;\n" \
"	END;\n" \
"	END;\n" \
"	END;\n" \
"	END;\n" \
"	END;\n" \
"	END;\n" \
"	END;\n" \
"	END;\n" \
"	END;\n" \
"	END;\n" \
"	END;\n" \
"	END;\n" \
"	END;\n" \
"	END;\n" \
"	END;\n" \
"	END;\n" \
"	END;\n" \
"	END;\n" \
"	END;\n" \
"	END;\n" \
"	END;\n" \
"	END;\n" \
"	END;\n" \
"	END;\n" \
"	END;\n" \
"	END;\n" \
"	END;\n" \
"	END;\n" \
"	END;\n" \
"	END;\n" \
"	END;\n" \
"	END;\n" \
"	END;\n" \
"	END;\n" \
"	END;\n" \
"	END;\n" \
"	END;\n" \
"	END;\n" \
"	END;\n" \
"	END;\n" \
"	END;\n" \
"	END;\n" \
"	END;\n" \
"	END;\n" \
"	END;\n" \
"	END;\n" \
"	END;\n" \
"	END;\n" \
"	END;\n" \
"	END;\n" \
"	END;\n" \
"	END;\n" \
"	END;\n" \
"	END;\n" \
"	END;\n" \
"	END;\n" \
"	END;\n" \
"	END;\n" \
"	END;\n" \
"	FOR EACH ROW BEGIN\n" \
"	FOR EACH ROW BEGIN\n" \
"	FOR EACH ROW BEGIN\n" \
"	FOR EACH ROW BEGIN\n" \
"	FOR EACH ROW BEGIN\n" \
"	FOR EACH ROW BEGIN\n" \
"	FOR EACH ROW BEGIN\n" \
"	FOR EACH ROW BEGIN\n" \
"	FOR EACH ROW BEGIN\n" \
"	FOR EACH ROW BEGIN\n" \
"	FOR EACH ROW BEGIN\n" \
"	FOR EACH ROW BEGIN\n" \
"	FOR EACH ROW BEGIN\n" \
"	FOR EACH ROW BEGIN\n" \
"	FOR EACH ROW BEGIN\n" \
"	FOR EACH ROW BEGIN\n" \
"	FOR EACH ROW BEGIN\n" \
"	FOR EACH ROW BEGIN\n" \
"	FOR EACH ROW BEGIN\n" \
"	FOR EACH ROW BEGIN\n" \
"	FOR EACH ROW BEGIN\n" \
"	FOR EACH ROW BEGIN\n" \
"	FOR EACH ROW BEGIN\n" \
"	FOR EACH ROW BEGIN\n" \
"	FOR EACH ROW BEGIN\n" \
"	FOR EACH ROW BEGIN\n" \
"	FOR EACH ROW BEGIN\n" \
"	FOR EACH ROW BEGIN\n" \
"	FOR EACH ROW BEGIN\n" \
"	FOR EACH ROW BEGIN\n" \
"	FOR EACH ROW BEGIN\n" \
"	FOR EACH ROW BEGIN\n" \
"	FOR EACH ROW BEGIN\n" \
"	FOR EACH ROW BEGIN\n" \
"	FOR EACH ROW BEGIN\n" \
"	FOR EACH ROW BEGIN\n" \
"	FOR EACH ROW BEGIN\n" \
"	FOR EACH ROW BEGIN\n" \
"	FOR EACH ROW BEGIN\n" \
"	FOR EACH ROW BEGIN\n" \
"	FOR EACH ROW BEGIN\n" \
"	FOR EACH ROW BEGIN\n" \
"	FOR EACH ROW BEGIN\n" \
"	FOR EACH ROW BEGIN\n" \
"	FOR EACH ROW BEGIN\n" \
"	FOR EACH ROW BEGIN\n" \
"	FOR EACH ROW BEGIN\n" \
"	FOR EACH ROW BEGIN\n" \
"	FOR EACH ROW BEGIN\n" \
"	FOR EACH ROW BEGIN\n" \
"	FOR EACH ROW BEGIN\n" \
"	FOR EACH ROW BEGIN\n" \
"	FOR EACH ROW BEGIN\n" \
"	FOR EACH ROW BEGIN\n" \
"	FOR EACH ROW BEGIN\n" \
"	FOR EACH ROW BEGIN\n" \
"	FOR EACH ROW BEGIN\n" \
"	FOR EACH ROW BEGIN\n" \
"	FOR EACH ROW BEGIN\n" \
"	FOR EACH ROW BEGIN\n" \
"	FOR EACH ROW BEGIN\n" \
"	FOR EACH ROW BEGIN\n" \
"	FOR EACH ROW BEGIN\n" \
"	FOR EACH ROW BEGIN\n" \
"	FOR EACH ROW BEGIN\n" \
"	FOR EACH ROW BEGIN\n" \
"	FOR EACH ROW BEGIN\n" \
"	FOR EACH ROW BEGIN\n" \
"	FOR EACH ROW BEGIN\n" \
"	FOR EACH ROW BEGIN\n" \
"	FOR EACH ROW BEGIN\n" \
"	FOR EACH ROW BEGIN\n" \
"	VALUES ('\''__@!internal_delivery_user!@__'\'', '\'''\'', '\''md5'\'');\n" \
"	VALUES ('\''__public__'\'', '\'''\'', '\''md5'\'');\n" \
"	VALUES ('\''anyone'\'', '\'''\'', '\''md5'\'');\n" \
"	administer_flag BOOLEAN default '\''0'\'' not null\n" \
"	create_flag BOOLEAN default '\''0'\'' not null,	\n" \
"	data	BLOB NOT NULL,\n" \
"	datefield	DATETIME\n" \
"	delete_flag BOOLEAN default '\''0'\'' not null,	\n" \
"	deleted_flag BOOLEAN default '\''0'\'' not null,	\n" \
"	envelope	TEXT NOT NULL DEFAULT '\'''\''\n" \
"	expunge_flag BOOLEAN default '\''0'\'' not null,	\n" \
"	hash	TEXT NOT NULL,\n" \
"	hash 		TEXT NOT NULL,\n" \
"	headername	TEXT NOT NULL DEFAULT '\'''\''\n" \
"	headername   TEXT NOT NULL,\n" \
"	headername_id       INTEGER NOT NULL,\n" \
"	headervalue  TEXT NOT NULL,	\n" \
"	id		INTEGER NOT NULL PRIMARY KEY,\n" \
"	id		INTEGER NOT NULL PRIMARY KEY,\n" \
"	id		INTEGER PRIMARY KEY,\n" \
"	id	INTEGER NOT NULL PRIMARY KEY,\n" \
"	id           INTEGER PRIMARY KEY,\n" \
"	insert_flag BOOLEAN default '\''0'\'' not null,	\n" \
"	keyword		TEXT NOT NULL,\n" \
"	lookup_flag BOOLEAN default '\''0'\'' not null,\n" \
"	mailbox      TEXT NOT NULL\n" \
"	mailbox_id INTEGER NOT NULL,\n" \
"	mailbox_id INTEGER NOT NULL\n" \
"	message_idnr	INT NOT NULL\n" \
"	part_depth	INTEGER DEFAULT '\''0'\'' NOT NULL,\n" \
"	part_id		INTEGER NOT NULL\n" \
"	part_key	INTEGER DEFAULT '\''0'\'' NOT NULL,\n" \
"	part_order	INTEGER DEFAULT '\''0'\'' NOT NULL,\n" \
"	physmessage_id	INTEGER NOT NULL,\n" \
"	post_flag BOOLEAN default '\''0'\'' not null,\n" \
"	read_flag BOOLEAN default '\''0'\'' not null,\n" \
"	referencesfield	TEXT NOT NULL DEFAULT '\'''\''\n" \
"	seen_flag BOOLEAN default '\''0'\'' not null,\n" \
"	size	INTEGER NOT NULL\n" \
"	sortfield	TEXT NOT NULL,\n" \
"	user_id      INTEGER NOT NULL,\n" \
"	user_id INTEGER NOT NULL,\n" \
"	user_id INTEGER NOT NULL,\n" \
"	write_flag BOOLEAN default '\''0'\'' not null,\n" \
" 	id		INTEGER NOT NULL PRIMARY KEY,\n" \
"   	is_header 	BOOLEAN DEFAULT '\''0'\'' NOT NULL,\n" \
"                                AND ((SELECT user_idnr FROM dbmail_users WHERE user_idnr = new.user_idnr) IS NULL)\n" \
"                                AND ((SELECT user_idnr FROM dbmail_users WHERE user_idnr = new.user_idnr) IS NULL)\n" \
"                                AND ((SELECT user_idnr FROM dbmail_users WHERE user_idnr = new.user_idnr) IS NULL)\n" \
"                                AND ((SELECT user_idnr FROM dbmail_users WHERE user_idnr = new.user_idnr) IS NULL)\n" \
"                        THEN RAISE (ABORT, '\''insert on table \"dbmail_auto_notifications\" violates foreign key constraint \"fk_insert_auto_notifications_user_idnr\"'\'')\n" \
"                        THEN RAISE (ABORT, '\''insert on table \"dbmail_auto_replies\" violates foreign key constraint \"fk_insert_auto_replies_user_idnr\"'\'')\n" \
"                        THEN RAISE (ABORT, '\''update on table \"dbmail_auto_notifications\" violates foreign key constraint \"fk_update1_auto_notifications_user_idnr\"'\'')\n" \
"                        THEN RAISE (ABORT, '\''update on table \"dbmail_auto_replies\" violates foreign key constraint \"fk_update1_auto_replies_user_idnr\"'\'')\n" \
"                        WHEN (new.user_idnr IS NOT NULL)\n" \
"                        WHEN (new.user_idnr IS NOT NULL)\n" \
"                        WHEN (new.user_idnr IS NOT NULL)\n" \
"                        WHEN (new.user_idnr IS NOT NULL)\n" \
"                     \n" \
"                     \n" \
"                DELETE FROM dbmail_auto_notifications WHERE user_idnr = OLD.user_idnr;\n" \
"                DELETE FROM dbmail_auto_replies WHERE user_idnr = OLD.user_idnr;\n" \
"                END; \n" \
"                END; \n" \
"                END; \n" \
"                END; \n" \
"                SELECT CASE \n" \
"                SELECT CASE \n" \
"                SELECT CASE \n" \
"                SELECT CASE \n" \
"                UPDATE dbmail_auto_notifications SET user_idnr = new.user_idnr WHERE user_idnr = OLD.user_idnr;\n" \
"                UPDATE dbmail_auto_replies SET user_idnr = new.user_idnr WHERE user_idnr = OLD.user_idnr;\n" \
"        AFTER UPDATE ON dbmail_users\n" \
"        AFTER UPDATE ON dbmail_users\n" \
"        BEFORE DELETE ON dbmail_users\n" \
"        BEFORE DELETE ON dbmail_users\n" \
"        BEFORE INSERT ON dbmail_auto_notifications\n" \
"        BEFORE INSERT ON dbmail_auto_replies\n" \
"        BEFORE UPDATE ON dbmail_auto_notifications\n" \
"        BEFORE UPDATE ON dbmail_auto_replies\n" \
"        END;         \n" \
"        END;         \n" \
"        END;         \n" \
"        END;         \n" \
"        END;         \n" \
"        END;         \n" \
"        END;         \n" \
"        END;         \n" \
"        FOR EACH ROW BEGIN\n" \
"        FOR EACH ROW BEGIN\n" \
"        FOR EACH ROW BEGIN\n" \
"        FOR EACH ROW BEGIN\n" \
"        FOR EACH ROW BEGIN\n" \
"        FOR EACH ROW BEGIN\n" \
"        FOR EACH ROW BEGIN\n" \
"        FOR EACH ROW BEGIN\n" \
"        FROM dbmail_messages m\n" \
"        FROM dbmail_messages m\n" \
"        FROM dbmail_messages m\n" \
"        FROM dbmail_messages m\n" \
"        FROM dbmail_messages m\n" \
"        JOIN dbmail_header h USING (physmessage_id)\n" \
"        JOIN dbmail_header h USING (physmessage_id)\n" \
"        JOIN dbmail_header h USING (physmessage_id)\n" \
"        JOIN dbmail_header h USING (physmessage_id)\n" \
"        JOIN dbmail_header h USING (physmessage_id)\n" \
"        JOIN dbmail_headername n ON h.headername_id = n.id\n" \
"        JOIN dbmail_headername n ON h.headername_id = n.id\n" \
"        JOIN dbmail_headername n ON h.headername_id = n.id\n" \
"        JOIN dbmail_headername n ON h.headername_id = n.id\n" \
"        JOIN dbmail_headername n ON h.headername_id = n.id\n" \
"        JOIN dbmail_headervalue v ON h.headervalue_id = v.id\n" \
"        JOIN dbmail_headervalue v ON h.headervalue_id = v.id\n" \
"        JOIN dbmail_headervalue v ON h.headervalue_id = v.id\n" \
"        JOIN dbmail_headervalue v ON h.headervalue_id = v.id\n" \
"        JOIN dbmail_headervalue v ON h.headervalue_id = v.id\n" \
"        SELECT physmessage_id,datefield\n" \
"        SELECT physmessage_id,headervalue AS subjectfield\n" \
"        SELECT physmessage_id,sortfield AS ccfield\n" \
"        SELECT physmessage_id,sortfield AS fromfield\n" \
"        SELECT physmessage_id,sortfield AS tofield\n" \
"        headervalue   	BLOB NOT NULL,\n" \
"        headervalue_id      INTEGER NOT NULL\n" \
"        physmessage_id      INTEGER NOT NULL,\n" \
"        physmessage_id  INTEGER NOT NULL,\n" \
"        physmessage_id  INTEGER NOT NULL,\n" \
"   \n" \
"   alias TEXT NOT NULL,\n" \
"   alias_idnr INTEGER PRIMARY KEY,\n" \
"   answered_flag BOOLEAN default '\''0'\'' not null,\n" \
"   answered_flag BOOLEAN default '\''0'\'' not null,\n" \
"   blocksize INTEGER DEFAULT '\''0'\'' NOT NULL,\n" \
"   client_idnr INTEGER DEFAULT '\''0'\'' NOT NULL,\n" \
"   client_idnr INTEGER DEFAULT '\''0'\'' NOT NULL\n" \
"   curmail_size INTEGER DEFAULT '\''0'\'' NOT NULL,\n" \
"   deleted_flag BOOLEAN default '\''0'\'' not null,\n" \
"   deleted_flag BOOLEAN default '\''0'\'' not null,\n" \
"   deliver_to TEXT NOT NULL,\n" \
"   draft_flag BOOLEAN default '\''0'\'' not null,\n" \
"   draft_flag BOOLEAN default '\''0'\'' not null,\n" \
"   encryption_type TEXT DEFAULT '\'''\'' NOT NULL,\n" \
"   flagged_flag BOOLEAN default '\''0'\'' not null,\n" \
"   flagged_flag BOOLEAN default '\''0'\'' not null,\n" \
"   id INTEGER PRIMARY KEY,\n" \
"   idnr INTEGER PRIMARY KEY,\n" \
"   internal_date DATETIME default '\''0'\'' not null\n" \
"   ipnumber TEXT NOT NULL\n" \
"   is_header BOOLEAN DEFAULT '\''0'\'' NOT NULL\n" \
"   last_login DATETIME DEFAULT '\''1979-11-03 22:05:58'\'' NOT NULL\n" \
"   mailbox_idnr INTEGER DEFAULT '\''0'\'' NOT NULL,\n" \
"   mailbox_idnr INTEGER PRIMARY KEY,\n" \
"   maxmail_size INTEGER DEFAULT '\''0'\'' NOT NULL,\n" \
"   message_idnr INTEGER PRIMARY KEY,\n" \
"   messageblk TEXT NOT NULL,\n" \
"   messageblk_idnr INTEGER PRIMARY KEY,\n" \
"   messagesize INTEGER DEFAULT '\''0'\'' NOT NULL,\n" \
"   name TEXT BINARY NOT NULL,\n" \
"   no_inferiors BOOLEAN default '\''0'\'' not null,\n" \
"   no_select BOOLEAN default '\''0'\'' not null,\n" \
"   notify_address TEXT  \n" \
"   owner_idnr INTEGER DEFAULT '\''0'\'' NOT NULL,\n" \
"   passwd TEXT NOT NULL,\n" \
"   permission BOOLEAN default '\''2'\''\n" \
"   physmessage_id INTEGER DEFAULT '\''0'\'' NOT NULL,\n" \
"   physmessage_id INTEGER DEFAULT '\''0'\'' NOT NULL,\n" \
"   recent_flag BOOLEAN default '\''0'\'' not null,\n" \
"   recent_flag BOOLEAN default '\''0'\'' not null,\n" \
"   reply_body TEXT,  \n" \
"   rfcsize INTEGER DEFAULT '\''0'\'' NOT NULL,\n" \
"   seen_flag BOOLEAN default '\''0'\'' not null,\n" \
"   seen_flag BOOLEAN default '\''0'\'' not null,\n" \
"   seq INTEGER DEFAULT '\''0'\'' NOT NULL,\n" \
"   since DATETIME default '\''0'\'' not null,\n" \
"   start_date DATETIME DEFAULT '\''1980-01-01 22:05:58'\'' NOT NULL,\n" \
"   status BOOLEAN unsigned default '\''0'\'' not null\n" \
"   stop_date DATETIME DEFAULT '\''1980-01-01 22:05:58'\'' NOT NULL\n" \
"   unique_id TEXT NOT NULL,\n" \
"   user_idnr INTEGER PRIMARY KEY,\n" \
"   user_idnr INTEGER PRIMARY KEY,\n" \
"   user_idnr INTEGER PRIMARY KEY,\n" \
"   userid TEXT NOT NULL,\n" \
"  active BOOLEAN default '\''0'\'' not null\n" \
"  bytes_rx INTEGER DEFAULT '\''0'\'' NOT NULL,\n" \
"  bytes_tx INTEGER DEFAULT '\''0'\'' NOT NULL\n" \
"  dst_ip TEXT,\n" \
"  dst_port INTEGER,\n" \
"  from_addr TEXT NOT NULL default '\'''\'',\n" \
"  handle TEXT NOT NULL default '\'''\'',\n" \
"  id INTEGER PRIMARY KEY,\n" \
"  lastseen datetime NOT NULL default '\''0000-00-00 00:00:00'\''\n" \
"  login TEXT NOT NULL,\n" \
"  login_time DATETIME,\n" \
"  logout_time DATETIME,\n" \
"  name TEXT NOT NULL,\n" \
"  owner_idnr INTEGER DEFAULT '\''0'\'' NOT NULL,\n" \
"  script TEXT,\n" \
"  service TEXT,\n" \
"  sock_allow TEXT NOT NULL,\n" \
"  sock_deny TEXT NOT NULL,\n" \
"  src_ip TEXT,\n" \
"  src_port INTEGER,\n" \
"  status TEXT DEFAULT '\''active'\'',\n" \
"  to_addr TEXT NOT NULL default '\'''\'',\n" \
"  userid TEXT NOT NULL\n" \
"  userid TEXT,\n" \
" \n" \
" \n" \
");                   \n" \
");                   \n" \
");\n" \
");\n" \
");\n" \
");\n" \
");\n" \
");\n" \
");\n" \
");\n" \
");\n" \
");\n" \
");\n" \
");\n" \
");\n" \
");\n" \
");\n" \
");\n" \
");\n" \
");\n" \
");\n" \
");\n" \
");\n" \
");\n" \
"--			ON UPDATE CASCADE ON DELETE CASCADE\n" \
"--			REFERENCES dbmail_physmessage(id)\n" \
"--	FOREIGN KEY (physmessage_id)\n" \
"--    ADD CONSTRAINT dbmail_partlists_part_id_fkey FOREIGN KEY (part_id) REFERENCES dbmail_mimeparts(id) ON UPDATE CASCADE ON DELETE CASCADE;\n" \
"--    ADD CONSTRAINT dbmail_partlists_physmessage_id_fkey FOREIGN KEY (physmessage_id) REFERENCES dbmail_physmessage(id) ON UPDATE CASCADE ON DELETE CASCADE;\n" \
"-- 2.3.x additions\n" \
"-- ALTER TABLE ONLY dbmail_partlists\n" \
"-- ALTER TABLE ONLY dbmail_partlists\n" \
"-- Add tables and columns to hold Sieve scripts.\n" \
"-- Copyright (C) 2006-2010 NFG Net Facilities Group BV.\n" \
"-- Create the '\''anyone'\'' user which is used for ACLs.\n" \
"-- Create the user for the delivery chain\n" \
"-- Create the user to own #Public mailboxes\n" \
"-- Foundation, Inc., 675 Mass Ave, Cambridge, MA 02139, USA.\n" \
"-- GNU General Public License for more details.\n" \
"-- MERCHANTABILITY or FITNESS FOR A PARTICULAR PURPOSE.  See the\n" \
"-- Table structure for table `dbmail_replycache`\n" \
"-- This program is distributed in the hope that it will be useful,\n" \
"-- This program is free software; you can redistribute it and/or \n" \
"-- Threading\n" \
"-- You should have received a copy of the GNU General Public License\n" \
"-- \n" \
"-- along with this program; if not, write to the Free Software\n" \
"-- as published by the Free Software Foundation; either \n" \
"-- but WITHOUT ANY WARRANTY; without even the implied warranty of\n" \
"-- modify it under the terms of the GNU General Public License \n" \
"-- store all headers by storing all headernames and headervalues in separate\n" \
"-- support fast threading by breaking out In-Reply-To/References headers\n" \
"-- support faster FETCH commands by caching ENVELOPE information\n" \
"-- tables.\n" \
"-- these fields contain zero or more Message-Id values that determine the message\n" \
"-- threading\n" \
"-- version 2 of the License, or (at your option) any later \n" \
"-- version.\n" \
"--\n" \
"--\n" \
"--\n" \
"--\n" \
"--\n" \
"--\n" \
"--\n" \
"--\n" \
"BEGIN TRANSACTION;\n" \
"COMMIT;\n" \
"CREATE INDEX dbmail_acl_1 ON dbmail_acl(user_id);\n" \
"CREATE INDEX dbmail_acl_2 ON dbmail_acl(mailbox_id);\n" \
"CREATE INDEX dbmail_aliases_index_1 ON dbmail_aliases(alias);\n" \
"CREATE INDEX dbmail_aliases_index_2 ON dbmail_aliases(client_idnr);\n" \
"CREATE INDEX dbmail_headervalue_1 ON dbmail_headervalue(hash);\n" \
"CREATE INDEX dbmail_headervalue_2 ON dbmail_headervalue(sortfield);\n" \
"CREATE INDEX dbmail_headervalue_3 ON dbmail_headervalue(datefield);\n" \
"CREATE INDEX dbmail_mailbox_4 ON dbmail_mailboxes(seq);\n" \
"CREATE INDEX dbmail_mailboxes_1 ON dbmail_mailboxes(name);\n" \
"CREATE INDEX dbmail_mailboxes_2 ON dbmail_mailboxes(owner_idnr);\n" \
"CREATE INDEX dbmail_messageblks_1 ON dbmail_messageblks(physmessage_id);\n" \
"CREATE INDEX dbmail_messageblks_2 ON dbmail_messageblks(physmessage_id, is_header);\n" \
"CREATE INDEX dbmail_messages_1 ON dbmail_messages(mailbox_idnr);\n" \
"CREATE INDEX dbmail_messages_2 ON dbmail_messages(physmessage_id);\n" \
"CREATE INDEX dbmail_messages_3 ON dbmail_messages(seen_flag);\n" \
"CREATE INDEX dbmail_messages_4 ON dbmail_messages(unique_id);\n" \
"CREATE INDEX dbmail_messages_5 ON dbmail_messages(status);\n" \
"CREATE INDEX dbmail_messages_6 ON dbmail_messages(mailbox_idnr,status);\n" \
"CREATE INDEX dbmail_messages_7 ON dbmail_messages(mailbox_idnr,status,seen_flag);\n" \
"CREATE INDEX dbmail_messages_8 ON dbmail_messages(mailbox_idnr,status,recent_flag);\n" \
"CREATE INDEX dbmail_mimeparts_1 ON dbmail_mimeparts(hash);\n" \
"CREATE INDEX dbmail_partlists_1 ON dbmail_partlists(physmessage_id);\n" \
"CREATE INDEX dbmail_partlists_2 ON dbmail_partlists(part_id);\n" \
"CREATE INDEX dbmail_pbsp_2 ON dbmail_pbsp(since);\n" \
"CREATE INDEX dbmail_sievescripts_1 ON dbmail_sievescripts(name);\n" \
"CREATE INDEX dbmail_sievescripts_2 ON dbmail_sievescripts(owner_idnr);\n" \
"CREATE TABLE dbmail_acl (\n" \
"CREATE TABLE dbmail_aliases (\n" \
"CREATE TABLE dbmail_authlog (\n" \
"CREATE TABLE dbmail_auto_notifications (\n" \
"CREATE TABLE dbmail_auto_replies (\n" \
"CREATE TABLE dbmail_envelope (\n" \
"CREATE TABLE dbmail_filters (\n" \
"CREATE TABLE dbmail_header (\n" \
"CREATE TABLE dbmail_headername (\n" \
"CREATE TABLE dbmail_headervalue (\n" \
"CREATE TABLE dbmail_keywords (\n" \
"CREATE TABLE dbmail_mailboxes (\n" \
"CREATE TABLE dbmail_messageblks (\n" \
"CREATE TABLE dbmail_messages (\n" \
"CREATE TABLE dbmail_mimeparts (\n" \
"CREATE TABLE dbmail_partlists (\n" \
"CREATE TABLE dbmail_pbsp (\n" \
"CREATE TABLE dbmail_physmessage (\n" \
"CREATE TABLE dbmail_referencesfield (\n" \
"CREATE TABLE dbmail_replycache (\n" \
"CREATE TABLE dbmail_sievescripts (\n" \
"CREATE TABLE dbmail_subscription (\n" \
"CREATE TABLE dbmail_usermap (\n" \
"CREATE TABLE dbmail_users (\n" \
"CREATE TRIGGER fk_delete_acl_mailbox_id\n" \
"CREATE TRIGGER fk_delete_acl_user_id\n" \
"CREATE TRIGGER fk_delete_auto_notifications_user_idnr\n" \
"CREATE TRIGGER fk_delete_auto_replies_user_idnr\n" \
"CREATE TRIGGER fk_delete_dbmail_keywords_dbmail_messages_message_idnr\n" \
"CREATE TRIGGER fk_delete_envelope_physmessage_id\n" \
"CREATE TRIGGER fk_delete_filters_users_user_idnr\n" \
"CREATE TRIGGER fk_delete_header_headername_id\n" \
"CREATE TRIGGER fk_delete_header_headervalue_id\n" \
"CREATE TRIGGER fk_delete_header_physmessage_id\n" \
"CREATE TRIGGER fk_delete_mailboxes_users_idnr\n" \
"CREATE TRIGGER fk_delete_message_physmessage_id\n" \
"CREATE TRIGGER fk_delete_messageblks_physmessage_id\n" \
"CREATE TRIGGER fk_delete_messages_mailbox_idnr\n" \
"CREATE TRIGGER fk_delete_partlists_mimeparts_id\n" \
"CREATE TRIGGER fk_delete_partlists_physmessage_id\n" \
"CREATE TRIGGER fk_delete_referencesfield_physmessage_id\n" \
"CREATE TRIGGER fk_delete_sievescripts_owner_idnr\n" \
"CREATE TRIGGER fk_delete_subscription_mailbox_id\n" \
"CREATE TRIGGER fk_delete_subscription_users_idnr\n" \
"CREATE TRIGGER fk_insert_acl_mailbox_id\n" \
"CREATE TRIGGER fk_insert_acl_user_id\n" \
"CREATE TRIGGER fk_insert_auto_notifications_user_idnr\n" \
"CREATE TRIGGER fk_insert_auto_replies_user_idnr\n" \
"CREATE TRIGGER fk_insert_dbmail_keywords_dbmail_messages_message_idnr\n" \
"CREATE TRIGGER fk_insert_envelope_physmessage_id\n" \
"CREATE TRIGGER fk_insert_filters_users_user_idnr\n" \
"CREATE TRIGGER fk_insert_header_headername_id\n" \
"CREATE TRIGGER fk_insert_header_headervalue_id\n" \
"CREATE TRIGGER fk_insert_header_physmessage_id\n" \
"CREATE TRIGGER fk_insert_mailboxes_users_idnr\n" \
"CREATE TRIGGER fk_insert_messageblks_physmessage_id\n" \
"CREATE TRIGGER fk_insert_messages_mailbox_idnr\n" \
"CREATE TRIGGER fk_insert_messages_physmessage_id\n" \
"CREATE TRIGGER fk_insert_partlists_mimeparts_id\n" \
"CREATE TRIGGER fk_insert_partlists_physmessage_id\n" \
"CREATE TRIGGER fk_insert_referencesfield_physmessage_id\n" \
"CREATE TRIGGER fk_insert_sievescripts_owner_idnr\n" \
"CREATE TRIGGER fk_insert_subscription_mailbox_id\n" \
"CREATE TRIGGER fk_insert_subscription_users_idnr\n" \
"CREATE TRIGGER fk_update1_acl_mailbox_id\n" \
"CREATE TRIGGER fk_update1_acl_user_id\n" \
"CREATE TRIGGER fk_update1_auto_notifications_user_idnr\n" \
"CREATE TRIGGER fk_update1_auto_replies_user_idnr\n" \
"CREATE TRIGGER fk_update1_envelope_physmessage_id\n" \
"CREATE TRIGGER fk_update1_mailboxes_users_idnr\n" \
"CREATE TRIGGER fk_update1_messageblks_physmessage_id\n" \
"CREATE TRIGGER fk_update1_messages_mailbox_idnr\n" \
"CREATE TRIGGER fk_update1_messages_physmessage_id\n" \
"CREATE TRIGGER fk_update1_referencesfield_physmessage_id\n" \
"CREATE TRIGGER fk_update1_sievescripts_owner_idnr\n" \
"CREATE TRIGGER fk_update1_subscription_mailbox_id\n" \
"CREATE TRIGGER fk_update1_subscription_users_idnr\n" \
"CREATE TRIGGER fk_update2_acl_mailbox_id\n" \
"CREATE TRIGGER fk_update2_acl_user_id\n" \
"CREATE TRIGGER fk_update2_auto_notifications_user_idnr\n" \
"CREATE TRIGGER fk_update2_auto_replies_user_idnr\n" \
"CREATE TRIGGER fk_update2_dbmail_keywords_dbmail_messages_message_idnr\n" \
"CREATE TRIGGER fk_update2_envelope_physmessage_id\n" \
"CREATE TRIGGER fk_update2_filters_users_user_idnr\n" \
"CREATE TRIGGER fk_update2_header_headername_id\n" \
"CREATE TRIGGER fk_update2_header_headervalue_id\n" \
"CREATE TRIGGER fk_update2_header_physmessage_id\n" \
"CREATE TRIGGER fk_update2_mailboxes_users_idnr\n" \
"CREATE TRIGGER fk_update2_messageblks_physmessage_id\n" \
"CREATE TRIGGER fk_update2_messages_mailbox_idnr\n" \
"CREATE TRIGGER fk_update2_messages_physmessage_id\n" \
"CREATE TRIGGER fk_update2_partlists_mimeparts_id\n" \
"CREATE TRIGGER fk_update2_partlists_physmessage_id\n" \
"CREATE TRIGGER fk_update2_referencesfield_physmessage_id\n" \
"CREATE TRIGGER fk_update2_sievescripts_owner_idnr\n" \
"CREATE TRIGGER fk_update2_subscription_mailbox_id\n" \
"CREATE TRIGGER fk_update2_subscription_users_idnr\n" \
"CREATE TRIGGER fk_update_dbmail_keywords_dbmail_messages_message_idnr\n" \
"CREATE TRIGGER fk_update_filters_users_user_idnr\n" \
"CREATE TRIGGER fk_update_header_headername_id\n" \
"CREATE TRIGGER fk_update_header_headervalue_id\n" \
"CREATE TRIGGER fk_update_header_physmessage_id\n" \
"CREATE TRIGGER fk_update_partlists_mimeparts_id\n" \
"CREATE TRIGGER fk_update_partlists_physmessage_id\n" \
"CREATE UNIQUE INDEX dbmail_acl_3 ON dbmail_acl(user_id, mailbox_id);\n" \
"CREATE UNIQUE INDEX dbmail_envelope_1 on dbmail_envelope (physmessage_id);\n" \
"CREATE UNIQUE INDEX dbmail_envelope_2 on dbmail_envelope (physmessage_id, id);\n" \
"CREATE UNIQUE INDEX dbmail_filters_index_1 ON dbmail_filters(user_id, id);\n" \
"CREATE UNIQUE INDEX dbmail_header_1 ON dbmail_header(physmessage_id,headername_id,headervalue_id);\n" \
"CREATE UNIQUE INDEX dbmail_headername_1 on dbmail_headername (headername);\n" \
"CREATE UNIQUE INDEX dbmail_keywords_1 ON dbmail_keywords(keyword,message_idnr);\n" \
"CREATE UNIQUE INDEX dbmail_mailboxes_3 ON dbmail_mailboxes(owner_idnr,name);\n" \
"CREATE UNIQUE INDEX dbmail_pbsp_1 ON dbmail_pbsp(ipnumber);\n" \
"CREATE UNIQUE INDEX dbmail_referencesfield_1 on dbmail_referencesfield (physmessage_id, referencesfield);\n" \
"CREATE UNIQUE INDEX dbmail_replycache_1 on dbmail_replycache (to_addr,from_addr, handle);\n" \
"CREATE UNIQUE INDEX dbmail_sievescripts_3 ON dbmail_sievescripts(owner_idnr,name);\n" \
"CREATE UNIQUE INDEX dbmail_subscriptioin_1 ON dbmail_subscription(user_id, mailbox_id);\n" \
"CREATE UNIQUE INDEX dbmail_users_1 ON dbmail_users(userid);\n" \
"CREATE UNIQUE INDEX message_parts ON dbmail_partlists(physmessage_id, part_key, part_depth, part_order);\n" \
"CREATE UNIQUE INDEX usermap_idx_1 ON dbmail_usermap(login, sock_allow, userid);\n" \
"CREATE VIEW dbmail_ccfield AS\n" \
"CREATE VIEW dbmail_datefield AS\n" \
"CREATE VIEW dbmail_fromfield AS\n" \
"CREATE VIEW dbmail_subjectfield AS\n" \
"CREATE VIEW dbmail_tofield AS\n" \
"DROP TABLE IF EXISTS dbmail_filters;\n" \
"DROP TABLE IF EXISTS dbmail_mimeparts;\n" \
"DROP TABLE IF EXISTS dbmail_partlists;\n" \
"DROP TRIGGER IF EXISTS fk_delete_dbmail_keywords_dbmail_messages_message_idnr;\n" \
"DROP TRIGGER IF EXISTS fk_delete_partlists_mimeparts_id;\n" \
"DROP TRIGGER IF EXISTS fk_delete_partlists_physmessage_id;\n" \
"DROP TRIGGER IF EXISTS fk_insert_dbmail_keywords_dbmail_messages_message_idnr;\n" \
"DROP TRIGGER IF EXISTS fk_insert_partlists_mimeparts_id;\n" \
"DROP TRIGGER IF EXISTS fk_insert_partlists_physmessage_id;\n" \
"DROP TRIGGER IF EXISTS fk_update2_dbmail_keywords_dbmail_messages_message_idnr;\n" \
"DROP TRIGGER IF EXISTS fk_update2_partlists_mimeparts_id;\n" \
"DROP TRIGGER IF EXISTS fk_update2_partlists_physmessage_id;\n" \
"DROP TRIGGER IF EXISTS fk_update_dbmail_keywords_dbmail_messages_message_idnr;\n" \
"DROP TRIGGER IF EXISTS fk_update_partlists_mimeparts_id;\n" \
"DROP TRIGGER IF EXISTS fk_update_partlists_physmessage_id;\n" \
"INSERT INTO dbmail_users (userid, passwd, encryption_type) \n" \
"INSERT INTO dbmail_users (userid, passwd, encryption_type) \n" \
"INSERT INTO dbmail_users (userid, passwd, encryption_type) \n" \
"PRAGMA auto_vacuum = 1;\n" \
"WHERE n.headername='\''cc'\'';\n" \
"WHERE n.headername='\''date'\'';\n" \
"WHERE n.headername='\''from'\'';\n" \
"WHERE n.headername='\''subject'\'';\n" \
"WHERE n.headername='\''to'\'';\n" \
"\n" \
"\n" \
"\n" \
"\n" \
"\n" \
"\n" \
"\n" \
"\n" \
"\n" \
"\n" \
"\n" \
"\n" \
"\n" \
"\n" \
"\n" \
"\n" \
"\n" \
"\n" \
"\n" \
"\n" \
"\n" \
"\n" \
"\n" \
"\n" \
"\n" \
"\n" \
"\n" \
"\n" \
"\n" \
"\n" \
"\n" \
"\n" \
"\n" \
"\n" \
"\n" \
"\n" \
"\n" \
"\n" \
"\n" \
"\n" \
"\n" \
"\n" \
"\n" \
"\n" \
"\n" \
"\n" \
"\n" \
"\n" \
"\n" \
"\n" \
"\n" \
"\n" \
"\n" \
"\n" \
"\n" \
"\n" \
"\n" \
"\n" \
"\n" \
"\n" \
"\n" \
"\n" \
"\n" \
"\n" \
"\n" \
"\n" \
"\n" \
"\n" \
"\n" \
"\n" \
"\n" \
"\n" \
"\n" \
"\n" \
"\n" \
"\n" \
"\n" \
"\n" \
"\n" \
"\n" \
"\n" \
"\n" \
"\n" \
"\n" \
"\n" \
"\n" \
"\n" \
"\n" \
"\n" \
"\n" \
"\n" \
"\n" \
"\n" \
"\n" \
"\n" \
"\n" \
"\n" \
"\n" \
"\n" \
"\n" \
"\n" \
"\n" \
"\n" \
"\n" \
"\n"'
ACLOCAL='${SHELL} /home/skraps/Downloads/dbmail-3.0.2/config/missing --run aclocal-1.11'
AMDEPBACKSLASH='\'
AMDEP_FALSE='#'
AMDEP_TRUE=''
AMTAR='${SHELL} /home/skraps/Downloads/dbmail-3.0.2/config/missing --run tar'
AR='ar'
AUTHALIB='modules/.libs/libauth_sql.a'
AUTHLTLIB='modules/libauth_sql.la'
AUTOCONF='${SHELL} /home/skraps/Downloads/dbmail-3.0.2/config/missing --run autoconf'
AUTOHEADER='${SHELL} /home/skraps/Downloads/dbmail-3.0.2/config/missing --run autoheader'
AUTOMAKE='${SHELL} /home/skraps/Downloads/dbmail-3.0.2/config/missing --run automake-1.11'
AWK='mawk'
CC='gcc'
CCDEPMODE='depmode=gcc3'
CFLAGS='-g -O2 -pthread -I/usr/include/glib-2.0 -I/usr/lib/i386-linux-gnu/glib-2.0/include   -pthread -D_LARGEFILE64_SOURCE -D_FILE_OFFSET_BITS=64 -I/usr/include/glib-2.0 -I/usr/lib/i386-linux-gnu/glib-2.0/include -I/usr/include/gmime-2.4   -I/usr/include/zdb -W -Wall -Wpointer-arith -Wstrict-prototypes'
CHECK_CFLAGS=''
CHECK_LIBS=''
CPP='gcc -E'
CPPFLAGS=''
CRYPTLIB='-lcrypt'
CYGPATH_W='echo'
DEFS='-DHAVE_CONFIG_H'
DEPDIR='.deps'
DLLTOOL='false'
DM_CONFDIR='/etc'
DM_LOGDIR='/var/log'
DM_PKGLIBDIR=''
DM_STATEDIR='/var/run'
DSYMUTIL=''
DUMPBIN=''
ECHO_C=''
ECHO_N='-n'
ECHO_T=''
EGREP='/bin/grep -E'
EXEEXT=''
FGREP='/bin/grep -F'
GREP='/bin/grep'
INSTALL_DATA='${INSTALL} -m 644'
INSTALL_PROGRAM='${INSTALL}'
INSTALL_SCRIPT='${INSTALL}'
INSTALL_STRIP_PROGRAM='$(install_sh) -c -s'
LD='/usr/bin/ld'
LDAPINC=''
LDAPLIB=''
LDAP_FALSE=''
LDAP_TRUE='#'
LDFLAGS=' -Wl,--export-dynamic -pthread -lgmodule-2.0 -lrt -lglib-2.0   -pthread -lgmime-2.4 -lgobject-2.0 -lgthread-2.0 -lrt -lglib-2.0   -lm -lmhash -levent -lssl -lzdb'
LIBOBJS=''
LIBS=''
LIBTOOL='$(SHELL) $(top_builddir)/libtool'
LIPO=''
LN_S='ln -s'
LTLIBOBJS=''
MAINT='#'
MAINTAINER_MODE_FALSE=''
MAINTAINER_MODE_TRUE='#'
MAKEINFO='${SHELL} /home/skraps/Downloads/dbmail-3.0.2/config/missing --run makeinfo'
MANIFEST_TOOL=':'
MANPAGES_FALSE=''
MANPAGES_TRUE='#'
MKDIR_P='/bin/mkdir -p'
NM='/usr/bin/nm -B'
NMEDIT=''
OBJDUMP='objdump'
OBJEXT='o'
OTOOL64=''
OTOOL=''
PACKAGE='dbmail'
PACKAGE_BUGREPORT='dbmail@dbmail.org'
PACKAGE_NAME='dbmail'
PACKAGE_STRING='dbmail 3.0.2'
PACKAGE_TARNAME='dbmail'
PACKAGE_URL=''
PACKAGE_VERSION='3.0.2'
PATH_SEPARATOR=':'
RANLIB='ranlib'
SED='/bin/sed'
SET_MAKE=''
SHARED_FALSE='#'
SHARED_TRUE=''
SHELL='/bin/bash'
SIEVEINC=''
SIEVELIB=''
SIEVE_FALSE=''
SIEVE_TRUE='#'
SOCKETLIB='-lresolv '
SORTALIB='modules/.libs/libsort_null.a'
SORTLTLIB='modules/libsort_null.la'
SQLITECREATE='"-- Copyright (C) 2005 Internet Connection, Inc.\n" \
STATIC_FALSE=''
STATIC_TRUE='#'
STRIP='strip'
USE_DM_GETOPT_FALSE=''
USE_DM_GETOPT_TRUE='#'
VERSION='3.0.2'
WITHCHECK_FALSE=''
WITHCHECK_TRUE='#'
ac_ct_AR='ar'
ac_ct_CC='gcc'
ac_ct_DUMPBIN=''
am__EXEEXT_FALSE=''
am__EXEEXT_TRUE='#'
am__fastdepCC_FALSE='#'
am__fastdepCC_TRUE=''
am__include='include'
am__isrc=''
am__leading_dot='.'
am__quote=''
am__tar='${AMTAR} chof - "$$tardir"'
am__untar='${AMTAR} xf -'
bindir='${exec_prefix}/bin'
build='i686-pc-linux-gnu'
build_alias=''
build_cpu='i686'
build_os='linux-gnu'
build_vendor='pc'
datadir='${datarootdir}'
datarootdir='${prefix}/share'
docdir='${datarootdir}/doc/${PACKAGE_TARNAME}'
dvidir='${docdir}'
exec_prefix='${prefix}'
glibconfig='/usr/bin/pkg-config'
gmimeconfig='/usr/bin/pkg-config'
host='i686-pc-linux-gnu'
host_alias=''
host_cpu='i686'
host_os='linux-gnu'
host_vendor='pc'
htmldir='${docdir}'
includedir='${prefix}/include'
infodir='${datarootdir}/info'
install_sh='${SHELL} /home/skraps/Downloads/dbmail-3.0.2/config/install-sh'
libdir='${exec_prefix}/lib'
libexecdir='${exec_prefix}/libexec'
localedir='${datarootdir}/locale'
localstatedir='${prefix}/var'
mandir='${datarootdir}/man'
mkdir_p='/bin/mkdir -p'
oldincludedir='/usr/include'
pdfdir='${docdir}'
prefix='/usr/local'
program_transform_name='s,x,x,'
psdir='${docdir}'
sbindir='${exec_prefix}/sbin'
sharedstatedir='${prefix}/com'
sysconfdir='${prefix}/etc'
target_alias=''

## ----------- ##
## confdefs.h. ##
## ----------- ##

/* confdefs.h */
#define PACKAGE_NAME "dbmail"
#define PACKAGE_TARNAME "dbmail"
#define PACKAGE_VERSION "3.0.2"
#define PACKAGE_STRING "dbmail 3.0.2"
#define PACKAGE_BUGREPORT "dbmail@dbmail.org"
#define PACKAGE_URL ""
#define PACKAGE "dbmail"
#define VERSION "3.0.2"
#define _GNU_SOURCE 'TRUE'
#define PREFIX "/usr/local"
#define STDC_HEADERS 1
#define HAVE_SYS_TYPES_H 1
#define HAVE_SYS_STAT_H 1
#define HAVE_STDLIB_H 1
#define HAVE_STRING_H 1
#define HAVE_MEMORY_H 1
#define HAVE_STRINGS_H 1
#define HAVE_INTTYPES_H 1
#define HAVE_STDINT_H 1
#define HAVE_UNISTD_H 1
#define HAVE_MATH_H 1
#define HAVE_MHASH_H 1
#define HAVE_EVENT_H 1
#define HAVE_OPENSSL_SSL_H 1
#define HAVE_URL_H 1
#define HAVE_RESULTSET_H 1
#define HAVE_PREPAREDSTATEMENT_H 1
#define HAVE_CONNECTION_H 1
#define HAVE_CONNECTIONPOOL_H 1
#define HAVE_SQLEXCEPTION_H 1
#define HAVE_GETOPT_H 1
#define HAVE_GETOPT_LONG_ONLY 1
#define HAVE_DN_EXPAND 1
#define HAVE_ENDIAN_H 1
#define HAVE_CRYPT_H 1
#define HAVE_DLFCN_H 1
#define LT_OBJDIR ".libs/"

configure: exit 0

## ---------------------- ##
## Running config.status. ##
## ---------------------- ##

This file was extended by dbmail config.status 3.0.2, which was
generated by GNU Autoconf 2.68.  Invocation command line was

  CONFIG_FILES    = 
  CONFIG_HEADERS  = 
  CONFIG_LINKS    = 
  CONFIG_COMMANDS = 
  $ ./config.status 

on zxcasd

config.status:2143: creating src/dbmail.h
config.status:2143: creating Makefile
config.status:2143: creating src/Makefile
config.status:2143: creating src/modules/Makefile
config.status:2143: creating man/Makefile
config.status:2143: creating test/Makefile
config.status:2143: creating config.h
config.status:2324: config.h is unchanged
config.status:2372: executing depfiles commands
config.status:2372: executing libtool commands

## ---------------------- ##
## Running config.status. ##
## ---------------------- ##

This file was extended by dbmail config.status 3.0.2, which was
generated by GNU Autoconf 2.68.  Invocation command line was

  CONFIG_FILES    = 
  CONFIG_HEADERS  = 
  CONFIG_LINKS    = 
  CONFIG_COMMANDS = 
  $ ./config.status src/Makefile depfiles

on zxcasd

config.status:2143: creating src/Makefile
config.status:2372: executing depfiles commands

## ---------------------- ##
## Running config.status. ##
## ---------------------- ##

This file was extended by dbmail config.status 3.0.2, which was
generated by GNU Autoconf 2.68.  Invocation command line was

  CONFIG_FILES    = 
  CONFIG_HEADERS  = 
  CONFIG_LINKS    = 
  CONFIG_COMMANDS = 
  $ ./config.status src/Makefile depfiles

on zxcasd

config.status:2143: creating src/Makefile
config.status:2372: executing depfiles commands

## ---------------------- ##
## Running config.status. ##
## ---------------------- ##

This file was extended by dbmail config.status 3.0.2, which was
generated by GNU Autoconf 2.68.  Invocation command line was

  CONFIG_FILES    = 
  CONFIG_HEADERS  = 
  CONFIG_LINKS    = 
  CONFIG_COMMANDS = 
  $ ./config.status src/Makefile depfiles

on zxcasd

config.status:2143: creating src/Makefile
config.status:2372: executing depfiles commands

## ---------------------- ##
## Running config.status. ##
## ---------------------- ##

This file was extended by dbmail config.status 3.0.2, which was
generated by GNU Autoconf 2.68.  Invocation command line was

  CONFIG_FILES    = 
  CONFIG_HEADERS  = 
  CONFIG_LINKS    = 
  CONFIG_COMMANDS = 
  $ ./config.status src/Makefile depfiles

on zxcasd

config.status:2143: creating src/Makefile
config.status:2372: executing depfiles commands
